<?xml version="1.0"?>
<testsuite name="Chrome 48.0.2564 (Windows 8.1 0.0.0)" package="" timestamp="2016-03-01T17:54:46" id="0" hostname="Optmus" tests="2077" errors="0" failures="0" time="17.361">
  <properties>
    <property name="browser.fullName" value="Mozilla/5.0 (Windows NT 6.3; WOW64) AppleWebKit/537.36 (KHTML, like Gecko) Chrome/48.0.2564.116 Safari/537.36"/>
  </properties>
  <testcase name="should support loading lodash.js as the &quot;lodash&quot; module" time="0.001" classname="Chrome_48_0_2564_(Windows_8_1_0_0_0).lodash.js"/>
  <testcase name="should support loading lodash.js with the Require.js &quot;shim&quot; configuration option" time="0.001" classname="Chrome_48_0_2564_(Windows_8_1_0_0_0).lodash.js"/>
  <testcase name="should support loading lodash.js as the &quot;underscore&quot; module" time="0" classname="Chrome_48_0_2564_(Windows_8_1_0_0_0).lodash.js"/>
  <testcase name="should not add `Function.prototype` extensions to lodash" time="0" classname="Chrome_48_0_2564_(Windows_8_1_0_0_0).lodash.js"/>
  <testcase name="should avoid overwritten native methods" time="0" classname="Chrome_48_0_2564_(Windows_8_1_0_0_0).lodash.js"/>
  <testcase name="should return `true` for indexes" time="0" classname="Chrome_48_0_2564_(Windows_8_1_0_0_0).isIndex"/>
  <testcase name="should return `false` for non-indexes" time="0" classname="Chrome_48_0_2564_(Windows_8_1_0_0_0).isIndex"/>
  <testcase name="should return `true` for iteratee calls" time="0" classname="Chrome_48_0_2564_(Windows_8_1_0_0_0).isIterateeCall"/>
  <testcase name="should return `false` for non-iteratee calls" time="0" classname="Chrome_48_0_2564_(Windows_8_1_0_0_0).isIterateeCall"/>
  <testcase name="should work with `NaN` values" time="0" classname="Chrome_48_0_2564_(Windows_8_1_0_0_0).isIterateeCall"/>
  <testcase name="should not error when `index` is an object without a `toString` method" time="0" classname="Chrome_48_0_2564_(Windows_8_1_0_0_0).isIterateeCall"/>
  <testcase name="should return `true` for lengths" time="0" classname="Chrome_48_0_2564_(Windows_8_1_0_0_0).isLength"/>
  <testcase name="should return `false` for non-lengths" time="0" classname="Chrome_48_0_2564_(Windows_8_1_0_0_0).isLength"/>
  <testcase name="should create a new instance when called without the `new` operator" time="0" classname="Chrome_48_0_2564_(Windows_8_1_0_0_0).lodash constructor"/>
  <testcase name="should return provided `lodash` instances" time="0" classname="Chrome_48_0_2564_(Windows_8_1_0_0_0).lodash constructor"/>
  <testcase name="should convert foreign wrapped values to `lodash` instances" time="0.001" classname="Chrome_48_0_2564_(Windows_8_1_0_0_0).lodash constructor"/>
  <testcase name="should add two numbers together" time="0" classname="Chrome_48_0_2564_(Windows_8_1_0_0_0).lodash.add"/>
  <testcase name="should coerce params to numbers" time="0" classname="Chrome_48_0_2564_(Windows_8_1_0_0_0).lodash.add"/>
  <testcase name="should return an unwrapped value when implicitly chaining" time="0.001" classname="Chrome_48_0_2564_(Windows_8_1_0_0_0).lodash.add"/>
  <testcase name="should return a wrapped value when explicitly chaining" time="0" classname="Chrome_48_0_2564_(Windows_8_1_0_0_0).lodash.add"/>
  <testcase name="should create a function that invokes `func` after `n` calls" time="0.001" classname="Chrome_48_0_2564_(Windows_8_1_0_0_0).lodash.after"/>
  <testcase name="should coerce non-finite `n` values to `0`" time="0" classname="Chrome_48_0_2564_(Windows_8_1_0_0_0).lodash.after"/>
  <testcase name="should allow `func` as the first argument" time="0" classname="Chrome_48_0_2564_(Windows_8_1_0_0_0).lodash.after"/>
  <testcase name="should not set a `this` binding" time="0" classname="Chrome_48_0_2564_(Windows_8_1_0_0_0).lodash.after"/>
  <testcase name="should cap the number of params provided to `func`" time="0.001" classname="Chrome_48_0_2564_(Windows_8_1_0_0_0).lodash.ary"/>
  <testcase name="should use `func.length` if `n` is not provided" time="0" classname="Chrome_48_0_2564_(Windows_8_1_0_0_0).lodash.ary"/>
  <testcase name="should treat a negative `n` as `0`" time="0" classname="Chrome_48_0_2564_(Windows_8_1_0_0_0).lodash.ary"/>
  <testcase name="should coerce `n` to an integer" time="0" classname="Chrome_48_0_2564_(Windows_8_1_0_0_0).lodash.ary"/>
  <testcase name="should work when provided less than the capped numer of arguments" time="0.001" classname="Chrome_48_0_2564_(Windows_8_1_0_0_0).lodash.ary"/>
  <testcase name="should work as an iteratee for methods like `_.map`" time="0" classname="Chrome_48_0_2564_(Windows_8_1_0_0_0).lodash.ary"/>
  <testcase name="should work when combined with other methods that use metadata" time="0.002" classname="Chrome_48_0_2564_(Windows_8_1_0_0_0).lodash.ary"/>
  <testcase name="`_.assign` should assign properties of a source object to the destination object" time="0.001" classname="Chrome_48_0_2564_(Windows_8_1_0_0_0).lodash.assign and lodash.extend"/>
  <testcase name="`_.assign` should accept multiple source objects" time="0" classname="Chrome_48_0_2564_(Windows_8_1_0_0_0).lodash.assign and lodash.extend"/>
  <testcase name="`_.assign` should overwrite destination properties" time="0" classname="Chrome_48_0_2564_(Windows_8_1_0_0_0).lodash.assign and lodash.extend"/>
  <testcase name="`_.assign` should assign source properties with nullish values" time="0.001" classname="Chrome_48_0_2564_(Windows_8_1_0_0_0).lodash.assign and lodash.extend"/>
  <testcase name="`_.extend` should assign properties of a source object to the destination object" time="0" classname="Chrome_48_0_2564_(Windows_8_1_0_0_0).lodash.assign and lodash.extend"/>
  <testcase name="`_.extend` should accept multiple source objects" time="0" classname="Chrome_48_0_2564_(Windows_8_1_0_0_0).lodash.assign and lodash.extend"/>
  <testcase name="`_.extend` should overwrite destination properties" time="0" classname="Chrome_48_0_2564_(Windows_8_1_0_0_0).lodash.assign and lodash.extend"/>
  <testcase name="`_.extend` should assign source properties with nullish values" time="0" classname="Chrome_48_0_2564_(Windows_8_1_0_0_0).lodash.assign and lodash.extend"/>
  <testcase name="`_.assignWith` should work with a `customizer` callback" time="0.001" classname="Chrome_48_0_2564_(Windows_8_1_0_0_0).lodash.assignWith and lodash.extendWith"/>
  <testcase name="`_.assignWith` should work with a `customizer` that returns `undefined`" time="0" classname="Chrome_48_0_2564_(Windows_8_1_0_0_0).lodash.assignWith and lodash.extendWith"/>
  <testcase name="`_.extendWith` should work with a `customizer` callback" time="0" classname="Chrome_48_0_2564_(Windows_8_1_0_0_0).lodash.assignWith and lodash.extendWith"/>
  <testcase name="`_.extendWith` should work with a `customizer` that returns `undefined`" time="0" classname="Chrome_48_0_2564_(Windows_8_1_0_0_0).lodash.assignWith and lodash.extendWith"/>
  <testcase name="should return the elements corresponding to the specified keys" time="0.001" classname="Chrome_48_0_2564_(Windows_8_1_0_0_0).lodash.at"/>
  <testcase name="should return `undefined` for nonexistent keys" time="0" classname="Chrome_48_0_2564_(Windows_8_1_0_0_0).lodash.at"/>
  <testcase name="should work with non-index keys on array values" time="0.001" classname="Chrome_48_0_2564_(Windows_8_1_0_0_0).lodash.at"/>
  <testcase name="should return an empty array when no keys are provided" time="0" classname="Chrome_48_0_2564_(Windows_8_1_0_0_0).lodash.at"/>
  <testcase name="should accept multiple key arguments" time="0" classname="Chrome_48_0_2564_(Windows_8_1_0_0_0).lodash.at"/>
  <testcase name="should work with a falsey `object` argument when keys are provided" time="0.001" classname="Chrome_48_0_2564_(Windows_8_1_0_0_0).lodash.at"/>
  <testcase name="should work with an `arguments` object for `object`" time="0" classname="Chrome_48_0_2564_(Windows_8_1_0_0_0).lodash.at"/>
  <testcase name="should work with `arguments` object as secondary arguments" time="0" classname="Chrome_48_0_2564_(Windows_8_1_0_0_0).lodash.at"/>
  <testcase name="should work with an object for `object`" time="0" classname="Chrome_48_0_2564_(Windows_8_1_0_0_0).lodash.at"/>
  <testcase name="should pluck inherited property values" time="0" classname="Chrome_48_0_2564_(Windows_8_1_0_0_0).lodash.at"/>
  <testcase name="should return the result of `func`" time="0" classname="Chrome_48_0_2564_(Windows_8_1_0_0_0).lodash.attempt"/>
  <testcase name="should provide additional arguments to `func`" time="0" classname="Chrome_48_0_2564_(Windows_8_1_0_0_0).lodash.attempt"/>
  <testcase name="should return the caught error" time="0" classname="Chrome_48_0_2564_(Windows_8_1_0_0_0).lodash.attempt"/>
  <testcase name="should coerce errors to error objects" time="0.001" classname="Chrome_48_0_2564_(Windows_8_1_0_0_0).lodash.attempt"/>
  <testcase name="should work with an error object from another realm" time="0" classname="Chrome_48_0_2564_(Windows_8_1_0_0_0).lodash.attempt"/>
  <testcase name="should return an unwrapped value when implicitly chaining" time="0" classname="Chrome_48_0_2564_(Windows_8_1_0_0_0).lodash.attempt"/>
  <testcase name="should return a wrapped value when explicitly chaining" time="0" classname="Chrome_48_0_2564_(Windows_8_1_0_0_0).lodash.attempt"/>
  <testcase name="should create a function that invokes `func` after `n` calls" time="0.001" classname="Chrome_48_0_2564_(Windows_8_1_0_0_0).lodash.before"/>
  <testcase name="should coerce non-finite `n` values to `0`" time="0" classname="Chrome_48_0_2564_(Windows_8_1_0_0_0).lodash.before"/>
  <testcase name="should not set a `this` binding" time="0" classname="Chrome_48_0_2564_(Windows_8_1_0_0_0).lodash.before"/>
  <testcase name="should bind a function to an object" time="0.001" classname="Chrome_48_0_2564_(Windows_8_1_0_0_0).lodash.bind"/>
  <testcase name="should accept a falsey `thisArg` argument" time="0.001" classname="Chrome_48_0_2564_(Windows_8_1_0_0_0).lodash.bind"/>
  <testcase name="should bind a function to nullish values" time="0.001" classname="Chrome_48_0_2564_(Windows_8_1_0_0_0).lodash.bind"/>
  <testcase name="should partially apply arguments " time="0" classname="Chrome_48_0_2564_(Windows_8_1_0_0_0).lodash.bind"/>
  <testcase name="should support placeholders" time="0" classname="Chrome_48_0_2564_(Windows_8_1_0_0_0).lodash.bind"/>
  <testcase name="should create a function with a `length` of `0`" time="0.001" classname="Chrome_48_0_2564_(Windows_8_1_0_0_0).lodash.bind"/>
  <testcase name="should ignore binding when called with the `new` operator" time="0" classname="Chrome_48_0_2564_(Windows_8_1_0_0_0).lodash.bind"/>
  <testcase name="should handle a number of arguments when called with the `new` operator" time="0" classname="Chrome_48_0_2564_(Windows_8_1_0_0_0).lodash.bind"/>
  <testcase name="should ensure `new bound` is an instance of `func`" time="0.001" classname="Chrome_48_0_2564_(Windows_8_1_0_0_0).lodash.bind"/>
  <testcase name="should append array arguments to partially applied arguments" time="0" classname="Chrome_48_0_2564_(Windows_8_1_0_0_0).lodash.bind"/>
  <testcase name="should not rebind functions" time="0" classname="Chrome_48_0_2564_(Windows_8_1_0_0_0).lodash.bind"/>
  <testcase name="should not error when instantiating bound built-ins" time="0.001" classname="Chrome_48_0_2564_(Windows_8_1_0_0_0).lodash.bind"/>
  <testcase name="should not error when calling bound class constructors with the `new` operator" time="0" classname="Chrome_48_0_2564_(Windows_8_1_0_0_0).lodash.bind"/>
  <testcase name="should return a wrapped value when chaining" time="0" classname="Chrome_48_0_2564_(Windows_8_1_0_0_0).lodash.bind"/>
  <testcase name="should accept individual method names" time="0.001" classname="Chrome_48_0_2564_(Windows_8_1_0_0_0).lodash.bindAll"/>
  <testcase name="should accept arrays of method names" time="0.001" classname="Chrome_48_0_2564_(Windows_8_1_0_0_0).lodash.bindAll"/>
  <testcase name="should work with an array `object` argument" time="0" classname="Chrome_48_0_2564_(Windows_8_1_0_0_0).lodash.bindAll"/>
  <testcase name="should work with `arguments` objects as secondary arguments" time="0" classname="Chrome_48_0_2564_(Windows_8_1_0_0_0).lodash.bindAll"/>
  <testcase name="should work when the target function is overwritten" time="0" classname="Chrome_48_0_2564_(Windows_8_1_0_0_0).lodash.bindKey"/>
  <testcase name="should support placeholders" time="0" classname="Chrome_48_0_2564_(Windows_8_1_0_0_0).lodash.bindKey"/>
  <testcase name="`_.camelCase` should convert `string` to camel case" time="0.001" classname="Chrome_48_0_2564_(Windows_8_1_0_0_0).case methods"/>
  <testcase name="`_.camelCase` should handle double-converting strings" time="0" classname="Chrome_48_0_2564_(Windows_8_1_0_0_0).case methods"/>
  <testcase name="`_.camelCase` should deburr letters" time="0.002" classname="Chrome_48_0_2564_(Windows_8_1_0_0_0).case methods"/>
  <testcase name="`_.camelCase` should trim latin-1 mathematical operators" time="0" classname="Chrome_48_0_2564_(Windows_8_1_0_0_0).case methods"/>
  <testcase name="`_.camelCase` should coerce `string` to a string" time="0" classname="Chrome_48_0_2564_(Windows_8_1_0_0_0).case methods"/>
  <testcase name="`_.camelCase` should return an unwrapped value implicitly when chaining" time="0" classname="Chrome_48_0_2564_(Windows_8_1_0_0_0).case methods"/>
  <testcase name="`_.camelCase` should return a wrapped value when explicitly chaining" time="0" classname="Chrome_48_0_2564_(Windows_8_1_0_0_0).case methods"/>
  <testcase name="`_.kebabCase` should convert `string` to kebab case" time="0" classname="Chrome_48_0_2564_(Windows_8_1_0_0_0).case methods"/>
  <testcase name="`_.kebabCase` should handle double-converting strings" time="0" classname="Chrome_48_0_2564_(Windows_8_1_0_0_0).case methods"/>
  <testcase name="`_.kebabCase` should deburr letters" time="0" classname="Chrome_48_0_2564_(Windows_8_1_0_0_0).case methods"/>
  <testcase name="`_.kebabCase` should trim latin-1 mathematical operators" time="0" classname="Chrome_48_0_2564_(Windows_8_1_0_0_0).case methods"/>
  <testcase name="`_.kebabCase` should coerce `string` to a string" time="0" classname="Chrome_48_0_2564_(Windows_8_1_0_0_0).case methods"/>
  <testcase name="`_.kebabCase` should return an unwrapped value implicitly when chaining" time="0.001" classname="Chrome_48_0_2564_(Windows_8_1_0_0_0).case methods"/>
  <testcase name="`_.kebabCase` should return a wrapped value when explicitly chaining" time="0" classname="Chrome_48_0_2564_(Windows_8_1_0_0_0).case methods"/>
  <testcase name="`_.snakeCase` should convert `string` to snake case" time="0" classname="Chrome_48_0_2564_(Windows_8_1_0_0_0).case methods"/>
  <testcase name="`_.snakeCase` should handle double-converting strings" time="0" classname="Chrome_48_0_2564_(Windows_8_1_0_0_0).case methods"/>
  <testcase name="`_.snakeCase` should deburr letters" time="0.001" classname="Chrome_48_0_2564_(Windows_8_1_0_0_0).case methods"/>
  <testcase name="`_.snakeCase` should trim latin-1 mathematical operators" time="0" classname="Chrome_48_0_2564_(Windows_8_1_0_0_0).case methods"/>
  <testcase name="`_.snakeCase` should coerce `string` to a string" time="0" classname="Chrome_48_0_2564_(Windows_8_1_0_0_0).case methods"/>
  <testcase name="`_.snakeCase` should return an unwrapped value implicitly when chaining" time="0" classname="Chrome_48_0_2564_(Windows_8_1_0_0_0).case methods"/>
  <testcase name="`_.snakeCase` should return a wrapped value when explicitly chaining" time="0" classname="Chrome_48_0_2564_(Windows_8_1_0_0_0).case methods"/>
  <testcase name="`_.startCase` should convert `string` to start case" time="0.001" classname="Chrome_48_0_2564_(Windows_8_1_0_0_0).case methods"/>
  <testcase name="`_.startCase` should handle double-converting strings" time="0" classname="Chrome_48_0_2564_(Windows_8_1_0_0_0).case methods"/>
  <testcase name="`_.startCase` should deburr letters" time="0.001" classname="Chrome_48_0_2564_(Windows_8_1_0_0_0).case methods"/>
  <testcase name="`_.startCase` should trim latin-1 mathematical operators" time="0" classname="Chrome_48_0_2564_(Windows_8_1_0_0_0).case methods"/>
  <testcase name="`_.startCase` should coerce `string` to a string" time="0" classname="Chrome_48_0_2564_(Windows_8_1_0_0_0).case methods"/>
  <testcase name="`_.startCase` should return an unwrapped value implicitly when chaining" time="0" classname="Chrome_48_0_2564_(Windows_8_1_0_0_0).case methods"/>
  <testcase name="`_.startCase` should return a wrapped value when explicitly chaining" time="0" classname="Chrome_48_0_2564_(Windows_8_1_0_0_0).case methods"/>
  <testcase name="should get the original value after cycling through all case methods" time="0" classname="Chrome_48_0_2564_(Windows_8_1_0_0_0).case methods"/>
  <testcase name="should work with numbers" time="0" classname="Chrome_48_0_2564_(Windows_8_1_0_0_0).lodash.camelCase"/>
  <testcase name="should handle acronyms" time="0.001" classname="Chrome_48_0_2564_(Windows_8_1_0_0_0).lodash.camelCase"/>
  <testcase name="should capitalize the first character of a string" time="0" classname="Chrome_48_0_2564_(Windows_8_1_0_0_0).lodash.capitalize"/>
  <testcase name="should return an unwrapped value when implicitly chaining" time="0" classname="Chrome_48_0_2564_(Windows_8_1_0_0_0).lodash.capitalize"/>
  <testcase name="should return a wrapped value when explicitly chaining" time="0" classname="Chrome_48_0_2564_(Windows_8_1_0_0_0).lodash.capitalize"/>
  <testcase name="should return a wrapped value" time="0" classname="Chrome_48_0_2564_(Windows_8_1_0_0_0).lodash.chain"/>
  <testcase name="should return existing wrapped values" time="0" classname="Chrome_48_0_2564_(Windows_8_1_0_0_0).lodash.chain"/>
  <testcase name="should enable chaining of methods that return unwrapped values by default" time="0.001" classname="Chrome_48_0_2564_(Windows_8_1_0_0_0).lodash.chain"/>
  <testcase name="should chain multiple methods" time="0.006" classname="Chrome_48_0_2564_(Windows_8_1_0_0_0).lodash.chain"/>
  <testcase name="should return chunked arrays" time="0.001" classname="Chrome_48_0_2564_(Windows_8_1_0_0_0).lodash.chunk"/>
  <testcase name="should return the last chunk as remaining elements" time="0" classname="Chrome_48_0_2564_(Windows_8_1_0_0_0).lodash.chunk"/>
  <testcase name="should ensure the minimum `size` is `0`" time="0.001" classname="Chrome_48_0_2564_(Windows_8_1_0_0_0).lodash.chunk"/>
  <testcase name="should coerce `size` to an integer" time="0" classname="Chrome_48_0_2564_(Windows_8_1_0_0_0).lodash.chunk"/>
  <testcase name="`_.clone` should perform a shallow clone" time="0" classname="Chrome_48_0_2564_(Windows_8_1_0_0_0).clone methods"/>
  <testcase name="`_.cloneDeep` should deep clone objects with circular references" time="0.001" classname="Chrome_48_0_2564_(Windows_8_1_0_0_0).clone methods"/>
  <testcase name="`_.clone` should clone `arguments` objects" time="0.002" classname="Chrome_48_0_2564_(Windows_8_1_0_0_0).clone methods"/>
  <testcase name="`_.clone` should clone arrays" time="0" classname="Chrome_48_0_2564_(Windows_8_1_0_0_0).clone methods"/>
  <testcase name="`_.clone` should clone array-like-objects" time="0" classname="Chrome_48_0_2564_(Windows_8_1_0_0_0).clone methods"/>
  <testcase name="`_.clone` should clone booleans" time="0" classname="Chrome_48_0_2564_(Windows_8_1_0_0_0).clone methods"/>
  <testcase name="`_.clone` should clone boolean objects" time="0.002" classname="Chrome_48_0_2564_(Windows_8_1_0_0_0).clone methods"/>
  <testcase name="`_.clone` should clone Foo instances" time="0" classname="Chrome_48_0_2564_(Windows_8_1_0_0_0).clone methods"/>
  <testcase name="`_.clone` should clone objects" time="0.001" classname="Chrome_48_0_2564_(Windows_8_1_0_0_0).clone methods"/>
  <testcase name="`_.clone` should clone objects with object values" time="0" classname="Chrome_48_0_2564_(Windows_8_1_0_0_0).clone methods"/>
  <testcase name="`_.clone` should clone objects from another document" time="0" classname="Chrome_48_0_2564_(Windows_8_1_0_0_0).clone methods"/>
  <testcase name="`_.clone` should clone null values" time="0" classname="Chrome_48_0_2564_(Windows_8_1_0_0_0).clone methods"/>
  <testcase name="`_.clone` should clone numbers" time="0" classname="Chrome_48_0_2564_(Windows_8_1_0_0_0).clone methods"/>
  <testcase name="`_.clone` should clone number objects" time="0" classname="Chrome_48_0_2564_(Windows_8_1_0_0_0).clone methods"/>
  <testcase name="`_.clone` should clone regexes" time="0" classname="Chrome_48_0_2564_(Windows_8_1_0_0_0).clone methods"/>
  <testcase name="`_.clone` should clone strings" time="0" classname="Chrome_48_0_2564_(Windows_8_1_0_0_0).clone methods"/>
  <testcase name="`_.clone` should clone string objects" time="0.001" classname="Chrome_48_0_2564_(Windows_8_1_0_0_0).clone methods"/>
  <testcase name="`_.clone` should clone undefined values" time="0" classname="Chrome_48_0_2564_(Windows_8_1_0_0_0).clone methods"/>
  <testcase name="`_.clone` should not clone DOM elements" time="0" classname="Chrome_48_0_2564_(Windows_8_1_0_0_0).clone methods"/>
  <testcase name="`_.clone` should not clone functions" time="0" classname="Chrome_48_0_2564_(Windows_8_1_0_0_0).clone methods"/>
  <testcase name="`_.clone` should not clone Errors" time="0.001" classname="Chrome_48_0_2564_(Windows_8_1_0_0_0).clone methods"/>
  <testcase name="`_.clone` should not clone EvalErrors" time="0" classname="Chrome_48_0_2564_(Windows_8_1_0_0_0).clone methods"/>
  <testcase name="`_.clone` should not clone RangeErrors" time="0" classname="Chrome_48_0_2564_(Windows_8_1_0_0_0).clone methods"/>
  <testcase name="`_.clone` should not clone ReferenceErrors" time="0" classname="Chrome_48_0_2564_(Windows_8_1_0_0_0).clone methods"/>
  <testcase name="`_.clone` should not clone SyntaxErrors" time="0" classname="Chrome_48_0_2564_(Windows_8_1_0_0_0).clone methods"/>
  <testcase name="`_.clone` should not clone TypeErrors" time="0.001" classname="Chrome_48_0_2564_(Windows_8_1_0_0_0).clone methods"/>
  <testcase name="`_.clone` should not clone URIErrors" time="0" classname="Chrome_48_0_2564_(Windows_8_1_0_0_0).clone methods"/>
  <testcase name="`_.clone` should clone array buffers" time="0" classname="Chrome_48_0_2564_(Windows_8_1_0_0_0).clone methods"/>
  <testcase name="`_.clone` should clone Float32Array arrays" time="0.001" classname="Chrome_48_0_2564_(Windows_8_1_0_0_0).clone methods"/>
  <testcase name="`_.clone` should clone Float64Array arrays" time="0" classname="Chrome_48_0_2564_(Windows_8_1_0_0_0).clone methods"/>
  <testcase name="`_.clone` should clone Int8Array arrays" time="0" classname="Chrome_48_0_2564_(Windows_8_1_0_0_0).clone methods"/>
  <testcase name="`_.clone` should clone Int16Array arrays" time="0" classname="Chrome_48_0_2564_(Windows_8_1_0_0_0).clone methods"/>
  <testcase name="`_.clone` should clone Int32Array arrays" time="0" classname="Chrome_48_0_2564_(Windows_8_1_0_0_0).clone methods"/>
  <testcase name="`_.clone` should clone Uint8Array arrays" time="0" classname="Chrome_48_0_2564_(Windows_8_1_0_0_0).clone methods"/>
  <testcase name="`_.clone` should clone Uint8ClampedArray arrays" time="0.001" classname="Chrome_48_0_2564_(Windows_8_1_0_0_0).clone methods"/>
  <testcase name="`_.clone` should clone Uint16Array arrays" time="0" classname="Chrome_48_0_2564_(Windows_8_1_0_0_0).clone methods"/>
  <testcase name="`_.clone` should clone Uint32Array arrays" time="0.001" classname="Chrome_48_0_2564_(Windows_8_1_0_0_0).clone methods"/>
  <testcase name="`_.clone` should clone `index` and `input` array properties" time="0" classname="Chrome_48_0_2564_(Windows_8_1_0_0_0).clone methods"/>
  <testcase name="`_.clone` should clone `lastIndex` regexp property" time="0.001" classname="Chrome_48_0_2564_(Windows_8_1_0_0_0).clone methods"/>
  <testcase name="`_.clone` should not error on DOM elements" time="0" classname="Chrome_48_0_2564_(Windows_8_1_0_0_0).clone methods"/>
  <testcase name="`_.clone` should perform a shallow clone when used as an iteratee for methods like `_.map`" time="0.001" classname="Chrome_48_0_2564_(Windows_8_1_0_0_0).clone methods"/>
  <testcase name="`_.clone` should create an object from the same realm as `value`" time="0.004" classname="Chrome_48_0_2564_(Windows_8_1_0_0_0).clone methods"/>
  <testcase name="`_.clone` should return a unwrapped value when chaining" time="0" classname="Chrome_48_0_2564_(Windows_8_1_0_0_0).clone methods"/>
  <testcase name="`_.cloneDeep` should clone `arguments` objects" time="0" classname="Chrome_48_0_2564_(Windows_8_1_0_0_0).clone methods"/>
  <testcase name="`_.cloneDeep` should clone arrays" time="0" classname="Chrome_48_0_2564_(Windows_8_1_0_0_0).clone methods"/>
  <testcase name="`_.cloneDeep` should clone array-like-objects" time="0" classname="Chrome_48_0_2564_(Windows_8_1_0_0_0).clone methods"/>
  <testcase name="`_.cloneDeep` should clone booleans" time="0" classname="Chrome_48_0_2564_(Windows_8_1_0_0_0).clone methods"/>
  <testcase name="`_.cloneDeep` should clone boolean objects" time="0" classname="Chrome_48_0_2564_(Windows_8_1_0_0_0).clone methods"/>
  <testcase name="`_.cloneDeep` should clone Foo instances" time="0" classname="Chrome_48_0_2564_(Windows_8_1_0_0_0).clone methods"/>
  <testcase name="`_.cloneDeep` should clone objects" time="0.001" classname="Chrome_48_0_2564_(Windows_8_1_0_0_0).clone methods"/>
  <testcase name="`_.cloneDeep` should clone objects with object values" time="0" classname="Chrome_48_0_2564_(Windows_8_1_0_0_0).clone methods"/>
  <testcase name="`_.cloneDeep` should clone objects from another document" time="0" classname="Chrome_48_0_2564_(Windows_8_1_0_0_0).clone methods"/>
  <testcase name="`_.cloneDeep` should clone null values" time="0" classname="Chrome_48_0_2564_(Windows_8_1_0_0_0).clone methods"/>
  <testcase name="`_.cloneDeep` should clone numbers" time="0" classname="Chrome_48_0_2564_(Windows_8_1_0_0_0).clone methods"/>
  <testcase name="`_.cloneDeep` should clone number objects" time="0" classname="Chrome_48_0_2564_(Windows_8_1_0_0_0).clone methods"/>
  <testcase name="`_.cloneDeep` should clone regexes" time="0" classname="Chrome_48_0_2564_(Windows_8_1_0_0_0).clone methods"/>
  <testcase name="`_.cloneDeep` should clone strings" time="0" classname="Chrome_48_0_2564_(Windows_8_1_0_0_0).clone methods"/>
  <testcase name="`_.cloneDeep` should clone string objects" time="0" classname="Chrome_48_0_2564_(Windows_8_1_0_0_0).clone methods"/>
  <testcase name="`_.cloneDeep` should clone undefined values" time="0" classname="Chrome_48_0_2564_(Windows_8_1_0_0_0).clone methods"/>
  <testcase name="`_.cloneDeep` should not clone DOM elements" time="0" classname="Chrome_48_0_2564_(Windows_8_1_0_0_0).clone methods"/>
  <testcase name="`_.cloneDeep` should not clone functions" time="0" classname="Chrome_48_0_2564_(Windows_8_1_0_0_0).clone methods"/>
  <testcase name="`_.cloneDeep` should not clone Errors" time="0.001" classname="Chrome_48_0_2564_(Windows_8_1_0_0_0).clone methods"/>
  <testcase name="`_.cloneDeep` should not clone EvalErrors" time="0" classname="Chrome_48_0_2564_(Windows_8_1_0_0_0).clone methods"/>
  <testcase name="`_.cloneDeep` should not clone RangeErrors" time="0" classname="Chrome_48_0_2564_(Windows_8_1_0_0_0).clone methods"/>
  <testcase name="`_.cloneDeep` should not clone ReferenceErrors" time="0" classname="Chrome_48_0_2564_(Windows_8_1_0_0_0).clone methods"/>
  <testcase name="`_.cloneDeep` should not clone SyntaxErrors" time="0" classname="Chrome_48_0_2564_(Windows_8_1_0_0_0).clone methods"/>
  <testcase name="`_.cloneDeep` should not clone TypeErrors" time="0.001" classname="Chrome_48_0_2564_(Windows_8_1_0_0_0).clone methods"/>
  <testcase name="`_.cloneDeep` should not clone URIErrors" time="0" classname="Chrome_48_0_2564_(Windows_8_1_0_0_0).clone methods"/>
  <testcase name="`_.cloneDeep` should clone array buffers" time="0" classname="Chrome_48_0_2564_(Windows_8_1_0_0_0).clone methods"/>
  <testcase name="`_.cloneDeep` should clone Float32Array arrays" time="0" classname="Chrome_48_0_2564_(Windows_8_1_0_0_0).clone methods"/>
  <testcase name="`_.cloneDeep` should clone Float64Array arrays" time="0" classname="Chrome_48_0_2564_(Windows_8_1_0_0_0).clone methods"/>
  <testcase name="`_.cloneDeep` should clone Int8Array arrays" time="0.001" classname="Chrome_48_0_2564_(Windows_8_1_0_0_0).clone methods"/>
  <testcase name="`_.cloneDeep` should clone Int16Array arrays" time="0" classname="Chrome_48_0_2564_(Windows_8_1_0_0_0).clone methods"/>
  <testcase name="`_.cloneDeep` should clone Int32Array arrays" time="0" classname="Chrome_48_0_2564_(Windows_8_1_0_0_0).clone methods"/>
  <testcase name="`_.cloneDeep` should clone Uint8Array arrays" time="0" classname="Chrome_48_0_2564_(Windows_8_1_0_0_0).clone methods"/>
  <testcase name="`_.cloneDeep` should clone Uint8ClampedArray arrays" time="0.001" classname="Chrome_48_0_2564_(Windows_8_1_0_0_0).clone methods"/>
  <testcase name="`_.cloneDeep` should clone Uint16Array arrays" time="0" classname="Chrome_48_0_2564_(Windows_8_1_0_0_0).clone methods"/>
  <testcase name="`_.cloneDeep` should clone Uint32Array arrays" time="0" classname="Chrome_48_0_2564_(Windows_8_1_0_0_0).clone methods"/>
  <testcase name="`_.cloneDeep` should clone `index` and `input` array properties" time="0" classname="Chrome_48_0_2564_(Windows_8_1_0_0_0).clone methods"/>
  <testcase name="`_.cloneDeep` should clone `lastIndex` regexp property" time="0" classname="Chrome_48_0_2564_(Windows_8_1_0_0_0).clone methods"/>
  <testcase name="`_.cloneDeep` should not error on DOM elements" time="0.001" classname="Chrome_48_0_2564_(Windows_8_1_0_0_0).clone methods"/>
  <testcase name="`_.cloneDeep` should perform a deep clone when used as an iteratee for methods like `_.map`" time="0" classname="Chrome_48_0_2564_(Windows_8_1_0_0_0).clone methods"/>
  <testcase name="`_.cloneDeep` should create an object from the same realm as `value`" time="0.003" classname="Chrome_48_0_2564_(Windows_8_1_0_0_0).clone methods"/>
  <testcase name="`_.cloneDeep` should return a unwrapped value when chaining" time="0" classname="Chrome_48_0_2564_(Windows_8_1_0_0_0).clone methods"/>
  <testcase name="`_.cloneWith` should provide the correct `customizer` arguments" time="0" classname="Chrome_48_0_2564_(Windows_8_1_0_0_0).clone methods"/>
  <testcase name="`_.cloneWith` should handle cloning if `customizer` returns `undefined`" time="0" classname="Chrome_48_0_2564_(Windows_8_1_0_0_0).clone methods"/>
  <testcase name="`_.cloneWith` should work with a `customizer` callback and DOM elements" time="0.001" classname="Chrome_48_0_2564_(Windows_8_1_0_0_0).clone methods"/>
  <testcase name="`_.cloneWith` should work with a `customizer` callback and functions" time="0" classname="Chrome_48_0_2564_(Windows_8_1_0_0_0).clone methods"/>
  <testcase name="`_.cloneWith` should work with a `customizer` callback and Errors" time="0" classname="Chrome_48_0_2564_(Windows_8_1_0_0_0).clone methods"/>
  <testcase name="`_.cloneWith` should work with a `customizer` callback and EvalErrors" time="0" classname="Chrome_48_0_2564_(Windows_8_1_0_0_0).clone methods"/>
  <testcase name="`_.cloneWith` should work with a `customizer` callback and RangeErrors" time="0" classname="Chrome_48_0_2564_(Windows_8_1_0_0_0).clone methods"/>
  <testcase name="`_.cloneWith` should work with a `customizer` callback and ReferenceErrors" time="0" classname="Chrome_48_0_2564_(Windows_8_1_0_0_0).clone methods"/>
  <testcase name="`_.cloneWith` should work with a `customizer` callback and SyntaxErrors" time="0.001" classname="Chrome_48_0_2564_(Windows_8_1_0_0_0).clone methods"/>
  <testcase name="`_.cloneWith` should work with a `customizer` callback and TypeErrors" time="0" classname="Chrome_48_0_2564_(Windows_8_1_0_0_0).clone methods"/>
  <testcase name="`_.cloneWith` should work with a `customizer` callback and URIErrors" time="0" classname="Chrome_48_0_2564_(Windows_8_1_0_0_0).clone methods"/>
  <testcase name="`_.cloneDeepWith` should provide the correct `customizer` arguments" time="0" classname="Chrome_48_0_2564_(Windows_8_1_0_0_0).clone methods"/>
  <testcase name="`_.cloneDeepWith` should handle cloning if `customizer` returns `undefined`" time="0" classname="Chrome_48_0_2564_(Windows_8_1_0_0_0).clone methods"/>
  <testcase name="`_.cloneDeepWith` should work with a `customizer` callback and DOM elements" time="0" classname="Chrome_48_0_2564_(Windows_8_1_0_0_0).clone methods"/>
  <testcase name="`_.cloneDeepWith` should work with a `customizer` callback and functions" time="0" classname="Chrome_48_0_2564_(Windows_8_1_0_0_0).clone methods"/>
  <testcase name="`_.cloneDeepWith` should work with a `customizer` callback and Errors" time="0" classname="Chrome_48_0_2564_(Windows_8_1_0_0_0).clone methods"/>
  <testcase name="`_.cloneDeepWith` should work with a `customizer` callback and EvalErrors" time="0" classname="Chrome_48_0_2564_(Windows_8_1_0_0_0).clone methods"/>
  <testcase name="`_.cloneDeepWith` should work with a `customizer` callback and RangeErrors" time="0" classname="Chrome_48_0_2564_(Windows_8_1_0_0_0).clone methods"/>
  <testcase name="`_.cloneDeepWith` should work with a `customizer` callback and ReferenceErrors" time="0" classname="Chrome_48_0_2564_(Windows_8_1_0_0_0).clone methods"/>
  <testcase name="`_.cloneDeepWith` should work with a `customizer` callback and SyntaxErrors" time="0" classname="Chrome_48_0_2564_(Windows_8_1_0_0_0).clone methods"/>
  <testcase name="`_.cloneDeepWith` should work with a `customizer` callback and TypeErrors" time="0" classname="Chrome_48_0_2564_(Windows_8_1_0_0_0).clone methods"/>
  <testcase name="`_.cloneDeepWith` should work with a `customizer` callback and URIErrors" time="0" classname="Chrome_48_0_2564_(Windows_8_1_0_0_0).clone methods"/>
  <testcase name="should filter falsey values" time="0.001" classname="Chrome_48_0_2564_(Windows_8_1_0_0_0).lodash.compact"/>
  <testcase name="should work when in between lazy operators" time="0.001" classname="Chrome_48_0_2564_(Windows_8_1_0_0_0).lodash.compact"/>
  <testcase name="should work in a lazy chain sequence" time="0.003" classname="Chrome_48_0_2564_(Windows_8_1_0_0_0).lodash.compact"/>
  <testcase name="`_.flow` should supply each function with the return value of the previous" time="0" classname="Chrome_48_0_2564_(Windows_8_1_0_0_0).flow methods"/>
  <testcase name="`_.flow` should return a new function" time="0" classname="Chrome_48_0_2564_(Windows_8_1_0_0_0).flow methods"/>
  <testcase name="`_.flow` should return an identity function when no arguments are provided" time="0" classname="Chrome_48_0_2564_(Windows_8_1_0_0_0).flow methods"/>
  <testcase name="`_.flow` should work with a curried function and `_.first`" time="0" classname="Chrome_48_0_2564_(Windows_8_1_0_0_0).flow methods"/>
  <testcase name="`_.flow` should support shortcut fusion" time="0.003" classname="Chrome_48_0_2564_(Windows_8_1_0_0_0).flow methods"/>
  <testcase name="`_.flow` should work with curried functions with placeholders" time="0" classname="Chrome_48_0_2564_(Windows_8_1_0_0_0).flow methods"/>
  <testcase name="`_.flow` should return a wrapped value when chaining" time="0" classname="Chrome_48_0_2564_(Windows_8_1_0_0_0).flow methods"/>
  <testcase name="`_.flowRight` should supply each function with the return value of the previous" time="0" classname="Chrome_48_0_2564_(Windows_8_1_0_0_0).flow methods"/>
  <testcase name="`_.flowRight` should return a new function" time="0" classname="Chrome_48_0_2564_(Windows_8_1_0_0_0).flow methods"/>
  <testcase name="`_.flowRight` should return an identity function when no arguments are provided" time="0" classname="Chrome_48_0_2564_(Windows_8_1_0_0_0).flow methods"/>
  <testcase name="`_.flowRight` should work with a curried function and `_.first`" time="0" classname="Chrome_48_0_2564_(Windows_8_1_0_0_0).flow methods"/>
  <testcase name="`_.flowRight` should support shortcut fusion" time="0.002" classname="Chrome_48_0_2564_(Windows_8_1_0_0_0).flow methods"/>
  <testcase name="`_.flowRight` should work with curried functions with placeholders" time="0" classname="Chrome_48_0_2564_(Windows_8_1_0_0_0).flow methods"/>
  <testcase name="`_.flowRight` should return a wrapped value when chaining" time="0" classname="Chrome_48_0_2564_(Windows_8_1_0_0_0).flow methods"/>
  <testcase name="should create a function that returns `value`" time="0.001" classname="Chrome_48_0_2564_(Windows_8_1_0_0_0).lodash.constant"/>
  <testcase name="should work with falsey values" time="0" classname="Chrome_48_0_2564_(Windows_8_1_0_0_0).lodash.constant"/>
  <testcase name="should return a wrapped value when chaining" time="0" classname="Chrome_48_0_2564_(Windows_8_1_0_0_0).lodash.constant"/>
  <testcase name="should work with an iteratee" time="0" classname="Chrome_48_0_2564_(Windows_8_1_0_0_0).lodash.countBy"/>
  <testcase name="should use `_.identity` when `iteratee` is nullish" time="0" classname="Chrome_48_0_2564_(Windows_8_1_0_0_0).lodash.countBy"/>
  <testcase name="should provide the correct `iteratee` arguments" time="0" classname="Chrome_48_0_2564_(Windows_8_1_0_0_0).lodash.countBy"/>
  <testcase name="should work with a &quot;_.property&quot; style `iteratee`" time="0" classname="Chrome_48_0_2564_(Windows_8_1_0_0_0).lodash.countBy"/>
  <testcase name="should only add values to own, not inherited, properties" time="0" classname="Chrome_48_0_2564_(Windows_8_1_0_0_0).lodash.countBy"/>
  <testcase name="should work with a number for `iteratee`" time="0" classname="Chrome_48_0_2564_(Windows_8_1_0_0_0).lodash.countBy"/>
  <testcase name="should work with an object for `collection`" time="0" classname="Chrome_48_0_2564_(Windows_8_1_0_0_0).lodash.countBy"/>
  <testcase name="should work in a lazy chain sequence" time="0.004" classname="Chrome_48_0_2564_(Windows_8_1_0_0_0).lodash.countBy"/>
  <testcase name="should create an object that inherits from the given `prototype` object" time="0" classname="Chrome_48_0_2564_(Windows_8_1_0_0_0).lodash.create"/>
  <testcase name="should assign `properties` to the created object" time="0.001" classname="Chrome_48_0_2564_(Windows_8_1_0_0_0).lodash.create"/>
  <testcase name="should assign own properties" time="0" classname="Chrome_48_0_2564_(Windows_8_1_0_0_0).lodash.create"/>
  <testcase name="should accept a falsey `prototype` argument" time="0" classname="Chrome_48_0_2564_(Windows_8_1_0_0_0).lodash.create"/>
  <testcase name="should ignore primitive `prototype` arguments and use an empty object instead" time="0" classname="Chrome_48_0_2564_(Windows_8_1_0_0_0).lodash.create"/>
  <testcase name="should work as an iteratee for methods like `_.map`" time="0.001" classname="Chrome_48_0_2564_(Windows_8_1_0_0_0).lodash.create"/>
  <testcase name="should curry based on the number of arguments provided" time="0" classname="Chrome_48_0_2564_(Windows_8_1_0_0_0).lodash.curry"/>
  <testcase name="should allow specifying `arity`" time="0" classname="Chrome_48_0_2564_(Windows_8_1_0_0_0).lodash.curry"/>
  <testcase name="should coerce `arity` to an integer" time="0.001" classname="Chrome_48_0_2564_(Windows_8_1_0_0_0).lodash.curry"/>
  <testcase name="should support placeholders" time="0" classname="Chrome_48_0_2564_(Windows_8_1_0_0_0).lodash.curry"/>
  <testcase name="should provide additional arguments after reaching the target arity" time="0.001" classname="Chrome_48_0_2564_(Windows_8_1_0_0_0).lodash.curry"/>
  <testcase name="should return a function with a `length` of `0`" time="0" classname="Chrome_48_0_2564_(Windows_8_1_0_0_0).lodash.curry"/>
  <testcase name="should ensure `new curried` is an instance of `func`" time="0" classname="Chrome_48_0_2564_(Windows_8_1_0_0_0).lodash.curry"/>
  <testcase name="should not set a `this` binding" time="0.003" classname="Chrome_48_0_2564_(Windows_8_1_0_0_0).lodash.curry"/>
  <testcase name="should work with partialed methods" time="0.001" classname="Chrome_48_0_2564_(Windows_8_1_0_0_0).lodash.curry"/>
  <testcase name="should curry based on the number of arguments provided" time="0.001" classname="Chrome_48_0_2564_(Windows_8_1_0_0_0).lodash.curryRight"/>
  <testcase name="should allow specifying `arity`" time="0" classname="Chrome_48_0_2564_(Windows_8_1_0_0_0).lodash.curryRight"/>
  <testcase name="should coerce `arity` to an integer" time="0.001" classname="Chrome_48_0_2564_(Windows_8_1_0_0_0).lodash.curryRight"/>
  <testcase name="should support placeholders" time="0.001" classname="Chrome_48_0_2564_(Windows_8_1_0_0_0).lodash.curryRight"/>
  <testcase name="should provide additional arguments after reaching the target arity" time="0" classname="Chrome_48_0_2564_(Windows_8_1_0_0_0).lodash.curryRight"/>
  <testcase name="should return a function with a `length` of `0`" time="0" classname="Chrome_48_0_2564_(Windows_8_1_0_0_0).lodash.curryRight"/>
  <testcase name="should ensure `new curried` is an instance of `func`" time="0.001" classname="Chrome_48_0_2564_(Windows_8_1_0_0_0).lodash.curryRight"/>
  <testcase name="should not set a `this` binding" time="0.001" classname="Chrome_48_0_2564_(Windows_8_1_0_0_0).lodash.curryRight"/>
  <testcase name="should work with partialed methods" time="0.001" classname="Chrome_48_0_2564_(Windows_8_1_0_0_0).lodash.curryRight"/>
  <testcase name="`_.curry` should not error on functions with the same name as lodash methods" time="0" classname="Chrome_48_0_2564_(Windows_8_1_0_0_0).curry methods"/>
  <testcase name="`_.curry` should work as an iteratee for methods like `_.map`" time="0.001" classname="Chrome_48_0_2564_(Windows_8_1_0_0_0).curry methods"/>
  <testcase name="`_.curryRight` should not error on functions with the same name as lodash methods" time="0" classname="Chrome_48_0_2564_(Windows_8_1_0_0_0).curry methods"/>
  <testcase name="`_.curryRight` should work as an iteratee for methods like `_.map`" time="0" classname="Chrome_48_0_2564_(Windows_8_1_0_0_0).curry methods"/>
  <testcase name="should debounce a function" time="0.112" classname="Chrome_48_0_2564_(Windows_8_1_0_0_0).lodash.debounce"/>
  <testcase name="subsequent debounced calls return the last `func` result" time="0.142" classname="Chrome_48_0_2564_(Windows_8_1_0_0_0).lodash.debounce"/>
  <testcase name="subsequent &quot;immediate&quot; debounced calls return the last `func` result" time="0.079" classname="Chrome_48_0_2564_(Windows_8_1_0_0_0).lodash.debounce"/>
  <testcase name="should apply default options" time="0.077" classname="Chrome_48_0_2564_(Windows_8_1_0_0_0).lodash.debounce"/>
  <testcase name="should support a `leading` option" time="0.078" classname="Chrome_48_0_2564_(Windows_8_1_0_0_0).lodash.debounce"/>
  <testcase name="should support a `trailing` option" time="0.078" classname="Chrome_48_0_2564_(Windows_8_1_0_0_0).lodash.debounce"/>
  <testcase name="should support a `maxWait` option" time="0.337" classname="Chrome_48_0_2564_(Windows_8_1_0_0_0).lodash.debounce"/>
  <testcase name="should cancel `maxDelayed` when `delayed` is invoked" time="0.142" classname="Chrome_48_0_2564_(Windows_8_1_0_0_0).lodash.debounce"/>
  <testcase name="should invoke the `trailing` call with the correct arguments and `this` binding" time="0.141" classname="Chrome_48_0_2564_(Windows_8_1_0_0_0).lodash.debounce"/>
  <testcase name="should convert latin-1 supplementary letters to basic latin" time="0.001" classname="Chrome_48_0_2564_(Windows_8_1_0_0_0).lodash.deburr"/>
  <testcase name="should not deburr latin-1 mathematical operators" time="0" classname="Chrome_48_0_2564_(Windows_8_1_0_0_0).lodash.deburr"/>
  <testcase name="should deburr combining diacritical marks" time="0.002" classname="Chrome_48_0_2564_(Windows_8_1_0_0_0).lodash.deburr"/>
  <testcase name="should assign properties of a source object if missing on the destination object" time="0" classname="Chrome_48_0_2564_(Windows_8_1_0_0_0).lodash.defaults"/>
  <testcase name="should accept multiple source objects" time="0" classname="Chrome_48_0_2564_(Windows_8_1_0_0_0).lodash.defaults"/>
  <testcase name="should not overwrite `null` values" time="0" classname="Chrome_48_0_2564_(Windows_8_1_0_0_0).lodash.defaults"/>
  <testcase name="should overwrite `undefined` values" time="0" classname="Chrome_48_0_2564_(Windows_8_1_0_0_0).lodash.defaults"/>
  <testcase name="should deep assign properties of a source object if missing on the destination object" time="0.002" classname="Chrome_48_0_2564_(Windows_8_1_0_0_0).lodash.defaultsDeep"/>
  <testcase name="should accept multiple source objects" time="0" classname="Chrome_48_0_2564_(Windows_8_1_0_0_0).lodash.defaultsDeep"/>
  <testcase name="should not overwrite `null` values" time="0" classname="Chrome_48_0_2564_(Windows_8_1_0_0_0).lodash.defaultsDeep"/>
  <testcase name="should overwrite `undefined` values" time="0.001" classname="Chrome_48_0_2564_(Windows_8_1_0_0_0).lodash.defaultsDeep"/>
  <testcase name="should merge sources containing circular references" time="0" classname="Chrome_48_0_2564_(Windows_8_1_0_0_0).lodash.defaultsDeep"/>
  <testcase name="should defer `func` execution" time="0.047" classname="Chrome_48_0_2564_(Windows_8_1_0_0_0).lodash.defer"/>
  <testcase name="should provide additional arguments to `func`" time="0.045" classname="Chrome_48_0_2564_(Windows_8_1_0_0_0).lodash.defer"/>
  <testcase name="should be cancelable" time="0.046" classname="Chrome_48_0_2564_(Windows_8_1_0_0_0).lodash.defer"/>
  <testcase name="should delay `func` execution" time="0.078" classname="Chrome_48_0_2564_(Windows_8_1_0_0_0).lodash.delay"/>
  <testcase name="should provide additional arguments to `func`" time="0.078" classname="Chrome_48_0_2564_(Windows_8_1_0_0_0).lodash.delay"/>
  <testcase name="should be cancelable" time="0.077" classname="Chrome_48_0_2564_(Windows_8_1_0_0_0).lodash.delay"/>
  <testcase name="should return the difference of the given arrays" time="0.001" classname="Chrome_48_0_2564_(Windows_8_1_0_0_0).lodash.difference"/>
  <testcase name="should match `NaN`" time="0.001" classname="Chrome_48_0_2564_(Windows_8_1_0_0_0).lodash.difference"/>
  <testcase name="should work with large arrays" time="0.003" classname="Chrome_48_0_2564_(Windows_8_1_0_0_0).lodash.difference"/>
  <testcase name="should work with large arrays of objects" time="0.001" classname="Chrome_48_0_2564_(Windows_8_1_0_0_0).lodash.difference"/>
  <testcase name="should work with large arrays of `NaN`" time="0.002" classname="Chrome_48_0_2564_(Windows_8_1_0_0_0).lodash.difference"/>
  <testcase name="should ignore values that are not array-like" time="0" classname="Chrome_48_0_2564_(Windows_8_1_0_0_0).lodash.difference"/>
  <testcase name="should drop the first two elements" time="0" classname="Chrome_48_0_2564_(Windows_8_1_0_0_0).lodash.drop"/>
  <testcase name="should treat falsey `n` values, except nullish, as `0`" time="0.001" classname="Chrome_48_0_2564_(Windows_8_1_0_0_0).lodash.drop"/>
  <testcase name="should return all elements when `n` &lt; `1`" time="0" classname="Chrome_48_0_2564_(Windows_8_1_0_0_0).lodash.drop"/>
  <testcase name="should return an empty array when `n` >= `array.length`" time="0" classname="Chrome_48_0_2564_(Windows_8_1_0_0_0).lodash.drop"/>
  <testcase name="should coerce `n` to an integer" time="0" classname="Chrome_48_0_2564_(Windows_8_1_0_0_0).lodash.drop"/>
  <testcase name="should work as an iteratee for methods like `_.map`" time="0.001" classname="Chrome_48_0_2564_(Windows_8_1_0_0_0).lodash.drop"/>
  <testcase name="should work in a lazy chain sequence" time="0.006" classname="Chrome_48_0_2564_(Windows_8_1_0_0_0).lodash.drop"/>
  <testcase name="should drop the last two elements" time="0.001" classname="Chrome_48_0_2564_(Windows_8_1_0_0_0).lodash.dropRight"/>
  <testcase name="should treat falsey `n` values, except nullish, as `0`" time="0" classname="Chrome_48_0_2564_(Windows_8_1_0_0_0).lodash.dropRight"/>
  <testcase name="should return all elements when `n` &lt; `1`" time="0" classname="Chrome_48_0_2564_(Windows_8_1_0_0_0).lodash.dropRight"/>
  <testcase name="should return an empty array when `n` >= `array.length`" time="0.001" classname="Chrome_48_0_2564_(Windows_8_1_0_0_0).lodash.dropRight"/>
  <testcase name="should coerce `n` to an integer" time="0" classname="Chrome_48_0_2564_(Windows_8_1_0_0_0).lodash.dropRight"/>
  <testcase name="should work as an iteratee for methods like `_.map`" time="0" classname="Chrome_48_0_2564_(Windows_8_1_0_0_0).lodash.dropRight"/>
  <testcase name="should work in a lazy chain sequence" time="0.004" classname="Chrome_48_0_2564_(Windows_8_1_0_0_0).lodash.dropRight"/>
  <testcase name="should drop elements while `predicate` returns truthy" time="0.001" classname="Chrome_48_0_2564_(Windows_8_1_0_0_0).lodash.dropRightWhile"/>
  <testcase name="should provide the correct `predicate` arguments" time="0" classname="Chrome_48_0_2564_(Windows_8_1_0_0_0).lodash.dropRightWhile"/>
  <testcase name="should work with a &quot;_.matches&quot; style `predicate`" time="0.001" classname="Chrome_48_0_2564_(Windows_8_1_0_0_0).lodash.dropRightWhile"/>
  <testcase name="should work with a &quot;_.matchesProperty&quot; style `predicate`" time="0" classname="Chrome_48_0_2564_(Windows_8_1_0_0_0).lodash.dropRightWhile"/>
  <testcase name="should work with a &quot;_.property&quot; style `predicate`" time="0" classname="Chrome_48_0_2564_(Windows_8_1_0_0_0).lodash.dropRightWhile"/>
  <testcase name="should return a wrapped value when chaining" time="0.001" classname="Chrome_48_0_2564_(Windows_8_1_0_0_0).lodash.dropRightWhile"/>
  <testcase name="should drop elements while `predicate` returns truthy" time="0" classname="Chrome_48_0_2564_(Windows_8_1_0_0_0).lodash.dropWhile"/>
  <testcase name="should provide the correct `predicate` arguments" time="0" classname="Chrome_48_0_2564_(Windows_8_1_0_0_0).lodash.dropWhile"/>
  <testcase name="should work with a &quot;_.matches&quot; style `predicate`" time="0" classname="Chrome_48_0_2564_(Windows_8_1_0_0_0).lodash.dropWhile"/>
  <testcase name="should work with a &quot;_.matchesProperty&quot; style `predicate`" time="0.001" classname="Chrome_48_0_2564_(Windows_8_1_0_0_0).lodash.dropWhile"/>
  <testcase name="should work with a &quot;_.property&quot; style `predicate`" time="0" classname="Chrome_48_0_2564_(Windows_8_1_0_0_0).lodash.dropWhile"/>
  <testcase name="should work in a lazy chain sequence" time="0.001" classname="Chrome_48_0_2564_(Windows_8_1_0_0_0).lodash.dropWhile"/>
  <testcase name="should work in a lazy chain sequence with `drop`" time="0.001" classname="Chrome_48_0_2564_(Windows_8_1_0_0_0).lodash.dropWhile"/>
  <testcase name="should return `true` if a string ends with `target`" time="0" classname="Chrome_48_0_2564_(Windows_8_1_0_0_0).lodash.endsWith"/>
  <testcase name="should return `false` if a string does not end with `target`" time="0.001" classname="Chrome_48_0_2564_(Windows_8_1_0_0_0).lodash.endsWith"/>
  <testcase name="should work with a `position` argument" time="0" classname="Chrome_48_0_2564_(Windows_8_1_0_0_0).lodash.endsWith"/>
  <testcase name="should work with `position` >= `string.length`" time="0" classname="Chrome_48_0_2564_(Windows_8_1_0_0_0).lodash.endsWith"/>
  <testcase name="should treat falsey `position` values, except `undefined`, as `0`" time="0" classname="Chrome_48_0_2564_(Windows_8_1_0_0_0).lodash.endsWith"/>
  <testcase name="should treat a negative `position` as `0`" time="0.001" classname="Chrome_48_0_2564_(Windows_8_1_0_0_0).lodash.endsWith"/>
  <testcase name="should coerce `position` to an integer" time="0" classname="Chrome_48_0_2564_(Windows_8_1_0_0_0).lodash.endsWith"/>
  <testcase name="should return `true` when `target` is an empty string regardless of `position`" time="0" classname="Chrome_48_0_2564_(Windows_8_1_0_0_0).lodash.endsWith"/>
  <testcase name="should perform a `SameValueZero` comparison of two values" time="0" classname="Chrome_48_0_2564_(Windows_8_1_0_0_0).lodash.eq"/>
  <testcase name="should escape values" time="0.001" classname="Chrome_48_0_2564_(Windows_8_1_0_0_0).lodash.escape"/>
  <testcase name="should not escape the &quot;/&quot; character" time="0" classname="Chrome_48_0_2564_(Windows_8_1_0_0_0).lodash.escape"/>
  <testcase name="should handle strings with nothing to escape" time="0" classname="Chrome_48_0_2564_(Windows_8_1_0_0_0).lodash.escape"/>
  <testcase name="should escape the same characters unescaped by `_.unescape`" time="0.001" classname="Chrome_48_0_2564_(Windows_8_1_0_0_0).lodash.escape"/>
  <testcase name="should escape values" time="0" classname="Chrome_48_0_2564_(Windows_8_1_0_0_0).lodash.escapeRegExp"/>
  <testcase name="should handle strings with nothing to escape" time="0" classname="Chrome_48_0_2564_(Windows_8_1_0_0_0).lodash.escapeRegExp"/>
  <testcase name="should return an empty string for empty values" time="0" classname="Chrome_48_0_2564_(Windows_8_1_0_0_0).lodash.escapeRegExp"/>
  <testcase name="should return `true` for empty collections" time="0.001" classname="Chrome_48_0_2564_(Windows_8_1_0_0_0).lodash.every"/>
  <testcase name="should return `true` if `predicate` returns truthy for all elements in the collection" time="0" classname="Chrome_48_0_2564_(Windows_8_1_0_0_0).lodash.every"/>
  <testcase name="should return `false` as soon as `predicate` returns falsey" time="0" classname="Chrome_48_0_2564_(Windows_8_1_0_0_0).lodash.every"/>
  <testcase name="should work with collections of `undefined` values (test in IE &lt; 9)" time="0" classname="Chrome_48_0_2564_(Windows_8_1_0_0_0).lodash.every"/>
  <testcase name="should use `_.identity` when `predicate` is nullish" time="0.001" classname="Chrome_48_0_2564_(Windows_8_1_0_0_0).lodash.every"/>
  <testcase name="should work with a &quot;_.property&quot; style `predicate`" time="0" classname="Chrome_48_0_2564_(Windows_8_1_0_0_0).lodash.every"/>
  <testcase name="should work with a &quot;_.matches&quot; style `predicate`" time="0" classname="Chrome_48_0_2564_(Windows_8_1_0_0_0).lodash.every"/>
  <testcase name="should work as an iteratee for methods like `_.map`" time="0" classname="Chrome_48_0_2564_(Windows_8_1_0_0_0).lodash.every"/>
  <testcase name="`_.assign` should not throw strict mode errors" time="0.001" classname="Chrome_48_0_2564_(Windows_8_1_0_0_0).strict mode checks"/>
  <testcase name="`_.extend` should not throw strict mode errors" time="0" classname="Chrome_48_0_2564_(Windows_8_1_0_0_0).strict mode checks"/>
  <testcase name="`_.bindAll` should not throw strict mode errors" time="0" classname="Chrome_48_0_2564_(Windows_8_1_0_0_0).strict mode checks"/>
  <testcase name="`_.defaults` should not throw strict mode errors" time="0" classname="Chrome_48_0_2564_(Windows_8_1_0_0_0).strict mode checks"/>
  <testcase name="should use a default `start` of `0` and a default `end` of `array.length`" time="0" classname="Chrome_48_0_2564_(Windows_8_1_0_0_0).lodash.fill"/>
  <testcase name="should use `undefined` for `value` if not provided" time="0" classname="Chrome_48_0_2564_(Windows_8_1_0_0_0).lodash.fill"/>
  <testcase name="should work with a positive `start`" time="0" classname="Chrome_48_0_2564_(Windows_8_1_0_0_0).lodash.fill"/>
  <testcase name="should work with a `start` >= `array.length`" time="0" classname="Chrome_48_0_2564_(Windows_8_1_0_0_0).lodash.fill"/>
  <testcase name="should treat falsey `start` values as `0`" time="0.001" classname="Chrome_48_0_2564_(Windows_8_1_0_0_0).lodash.fill"/>
  <testcase name="should work with a negative `start`" time="0" classname="Chrome_48_0_2564_(Windows_8_1_0_0_0).lodash.fill"/>
  <testcase name="should work with a negative `start` &lt;= negative `array.length`" time="0" classname="Chrome_48_0_2564_(Windows_8_1_0_0_0).lodash.fill"/>
  <testcase name="should work with `start` >= `end`" time="0" classname="Chrome_48_0_2564_(Windows_8_1_0_0_0).lodash.fill"/>
  <testcase name="should work with a positive `end`" time="0" classname="Chrome_48_0_2564_(Windows_8_1_0_0_0).lodash.fill"/>
  <testcase name="should work with a `end` >= `array.length`" time="0.001" classname="Chrome_48_0_2564_(Windows_8_1_0_0_0).lodash.fill"/>
  <testcase name="should treat falsey `end` values, except `undefined`, as `0`" time="0" classname="Chrome_48_0_2564_(Windows_8_1_0_0_0).lodash.fill"/>
  <testcase name="should work with a negative `end`" time="0" classname="Chrome_48_0_2564_(Windows_8_1_0_0_0).lodash.fill"/>
  <testcase name="should work with a negative `end` &lt;= negative `array.length`" time="0.001" classname="Chrome_48_0_2564_(Windows_8_1_0_0_0).lodash.fill"/>
  <testcase name="should coerce `start` and `end` to integers" time="0" classname="Chrome_48_0_2564_(Windows_8_1_0_0_0).lodash.fill"/>
  <testcase name="should work as an iteratee for methods like `_.map`" time="0" classname="Chrome_48_0_2564_(Windows_8_1_0_0_0).lodash.fill"/>
  <testcase name="should return a wrapped value when chaining" time="0.001" classname="Chrome_48_0_2564_(Windows_8_1_0_0_0).lodash.fill"/>
  <testcase name="should return elements `predicate` returns truthy for" time="0" classname="Chrome_48_0_2564_(Windows_8_1_0_0_0).lodash.filter"/>
  <testcase name="should iterate over an object with numeric keys (test in Mobile Safari 8)" time="0.009" classname="Chrome_48_0_2564_(Windows_8_1_0_0_0).lodash.filter"/>
  <testcase name="should return the found value" time="0.001" classname="Chrome_48_0_2564_(Windows_8_1_0_0_0).lodash.find"/>
  <testcase name="should return `undefined` if value is not found" time="0.001" classname="Chrome_48_0_2564_(Windows_8_1_0_0_0).lodash.find"/>
  <testcase name="should work with a &quot;_.matches&quot; style `predicate`" time="0" classname="Chrome_48_0_2564_(Windows_8_1_0_0_0).lodash.find"/>
  <testcase name="should work with a &quot;_.matchesProperty&quot; style `predicate`" time="0" classname="Chrome_48_0_2564_(Windows_8_1_0_0_0).lodash.find"/>
  <testcase name="should work with a &quot;_.property&quot; style `predicate`" time="0" classname="Chrome_48_0_2564_(Windows_8_1_0_0_0).lodash.find"/>
  <testcase name="should return `undefined` for empty collections" time="0.001" classname="Chrome_48_0_2564_(Windows_8_1_0_0_0).lodash.find"/>
  <testcase name="should return an unwrapped value when implicitly chaining" time="0" classname="Chrome_48_0_2564_(Windows_8_1_0_0_0).lodash.find"/>
  <testcase name="should return a wrapped value when explicitly chaining" time="0" classname="Chrome_48_0_2564_(Windows_8_1_0_0_0).lodash.find"/>
  <testcase name="should not execute immediately when explicitly chaining" time="0" classname="Chrome_48_0_2564_(Windows_8_1_0_0_0).lodash.find"/>
  <testcase name="should work in a lazy chain sequence" time="0.001" classname="Chrome_48_0_2564_(Windows_8_1_0_0_0).lodash.find"/>
  <testcase name="should work with an object for `collection`" time="0" classname="Chrome_48_0_2564_(Windows_8_1_0_0_0).lodash.find"/>
  <testcase name="should return the found value" time="0" classname="Chrome_48_0_2564_(Windows_8_1_0_0_0).lodash.findLast"/>
  <testcase name="should return `undefined` if value is not found" time="0" classname="Chrome_48_0_2564_(Windows_8_1_0_0_0).lodash.findLast"/>
  <testcase name="should work with a &quot;_.matches&quot; style `predicate`" time="0" classname="Chrome_48_0_2564_(Windows_8_1_0_0_0).lodash.findLast"/>
  <testcase name="should work with a &quot;_.matchesProperty&quot; style `predicate`" time="0.001" classname="Chrome_48_0_2564_(Windows_8_1_0_0_0).lodash.findLast"/>
  <testcase name="should work with a &quot;_.property&quot; style `predicate`" time="0" classname="Chrome_48_0_2564_(Windows_8_1_0_0_0).lodash.findLast"/>
  <testcase name="should return `undefined` for empty collections" time="0" classname="Chrome_48_0_2564_(Windows_8_1_0_0_0).lodash.findLast"/>
  <testcase name="should return an unwrapped value when implicitly chaining" time="0" classname="Chrome_48_0_2564_(Windows_8_1_0_0_0).lodash.findLast"/>
  <testcase name="should return a wrapped value when explicitly chaining" time="0" classname="Chrome_48_0_2564_(Windows_8_1_0_0_0).lodash.findLast"/>
  <testcase name="should not execute immediately when explicitly chaining" time="0" classname="Chrome_48_0_2564_(Windows_8_1_0_0_0).lodash.findLast"/>
  <testcase name="should work in a lazy chain sequence" time="0.001" classname="Chrome_48_0_2564_(Windows_8_1_0_0_0).lodash.findLast"/>
  <testcase name="should work with an object for `collection`" time="0" classname="Chrome_48_0_2564_(Windows_8_1_0_0_0).lodash.findLast"/>
  <testcase name="should return the found value" time="0" classname="Chrome_48_0_2564_(Windows_8_1_0_0_0).lodash.findIndex"/>
  <testcase name="should return `-1` if value is not found" time="0.001" classname="Chrome_48_0_2564_(Windows_8_1_0_0_0).lodash.findIndex"/>
  <testcase name="should work with a &quot;_.matches&quot; style `predicate`" time="0" classname="Chrome_48_0_2564_(Windows_8_1_0_0_0).lodash.findIndex"/>
  <testcase name="should work with a &quot;_.matchesProperty&quot; style `predicate`" time="0" classname="Chrome_48_0_2564_(Windows_8_1_0_0_0).lodash.findIndex"/>
  <testcase name="should work with a &quot;_.property&quot; style `predicate`" time="0" classname="Chrome_48_0_2564_(Windows_8_1_0_0_0).lodash.findIndex"/>
  <testcase name="should return `-1` for empty collections" time="0.001" classname="Chrome_48_0_2564_(Windows_8_1_0_0_0).lodash.findIndex"/>
  <testcase name="should return an unwrapped value when implicitly chaining" time="0" classname="Chrome_48_0_2564_(Windows_8_1_0_0_0).lodash.findIndex"/>
  <testcase name="should return a wrapped value when explicitly chaining" time="0" classname="Chrome_48_0_2564_(Windows_8_1_0_0_0).lodash.findIndex"/>
  <testcase name="should not execute immediately when explicitly chaining" time="0" classname="Chrome_48_0_2564_(Windows_8_1_0_0_0).lodash.findIndex"/>
  <testcase name="should work in a lazy chain sequence" time="0.001" classname="Chrome_48_0_2564_(Windows_8_1_0_0_0).lodash.findIndex"/>
  <testcase name="should return the found value" time="0" classname="Chrome_48_0_2564_(Windows_8_1_0_0_0).lodash.findLastIndex"/>
  <testcase name="should return `-1` if value is not found" time="0" classname="Chrome_48_0_2564_(Windows_8_1_0_0_0).lodash.findLastIndex"/>
  <testcase name="should work with a &quot;_.matches&quot; style `predicate`" time="0" classname="Chrome_48_0_2564_(Windows_8_1_0_0_0).lodash.findLastIndex"/>
  <testcase name="should work with a &quot;_.matchesProperty&quot; style `predicate`" time="0" classname="Chrome_48_0_2564_(Windows_8_1_0_0_0).lodash.findLastIndex"/>
  <testcase name="should work with a &quot;_.property&quot; style `predicate`" time="0" classname="Chrome_48_0_2564_(Windows_8_1_0_0_0).lodash.findLastIndex"/>
  <testcase name="should return `-1` for empty collections" time="0" classname="Chrome_48_0_2564_(Windows_8_1_0_0_0).lodash.findLastIndex"/>
  <testcase name="should return an unwrapped value when implicitly chaining" time="0" classname="Chrome_48_0_2564_(Windows_8_1_0_0_0).lodash.findLastIndex"/>
  <testcase name="should return a wrapped value when explicitly chaining" time="0" classname="Chrome_48_0_2564_(Windows_8_1_0_0_0).lodash.findLastIndex"/>
  <testcase name="should not execute immediately when explicitly chaining" time="0" classname="Chrome_48_0_2564_(Windows_8_1_0_0_0).lodash.findLastIndex"/>
  <testcase name="should work in a lazy chain sequence" time="0.001" classname="Chrome_48_0_2564_(Windows_8_1_0_0_0).lodash.findLastIndex"/>
  <testcase name="should return the found value" time="0" classname="Chrome_48_0_2564_(Windows_8_1_0_0_0).lodash.findKey"/>
  <testcase name="should return `undefined` if value is not found" time="0" classname="Chrome_48_0_2564_(Windows_8_1_0_0_0).lodash.findKey"/>
  <testcase name="should work with a &quot;_.matches&quot; style `predicate`" time="0" classname="Chrome_48_0_2564_(Windows_8_1_0_0_0).lodash.findKey"/>
  <testcase name="should work with a &quot;_.matchesProperty&quot; style `predicate`" time="0.001" classname="Chrome_48_0_2564_(Windows_8_1_0_0_0).lodash.findKey"/>
  <testcase name="should work with a &quot;_.property&quot; style `predicate`" time="0" classname="Chrome_48_0_2564_(Windows_8_1_0_0_0).lodash.findKey"/>
  <testcase name="should return `undefined` for empty collections" time="0" classname="Chrome_48_0_2564_(Windows_8_1_0_0_0).lodash.findKey"/>
  <testcase name="should return an unwrapped value when implicitly chaining" time="0" classname="Chrome_48_0_2564_(Windows_8_1_0_0_0).lodash.findKey"/>
  <testcase name="should return a wrapped value when explicitly chaining" time="0" classname="Chrome_48_0_2564_(Windows_8_1_0_0_0).lodash.findKey"/>
  <testcase name="should not execute immediately when explicitly chaining" time="0" classname="Chrome_48_0_2564_(Windows_8_1_0_0_0).lodash.findKey"/>
  <testcase name="should work in a lazy chain sequence" time="0.001" classname="Chrome_48_0_2564_(Windows_8_1_0_0_0).lodash.findKey"/>
  <testcase name="should work with an object for `collection`" time="0.001" classname="Chrome_48_0_2564_(Windows_8_1_0_0_0).lodash.findKey"/>
  <testcase name="should return the found value" time="0" classname="Chrome_48_0_2564_(Windows_8_1_0_0_0).lodash.findLastKey"/>
  <testcase name="should return `undefined` if value is not found" time="0" classname="Chrome_48_0_2564_(Windows_8_1_0_0_0).lodash.findLastKey"/>
  <testcase name="should work with a &quot;_.matches&quot; style `predicate`" time="0" classname="Chrome_48_0_2564_(Windows_8_1_0_0_0).lodash.findLastKey"/>
  <testcase name="should work with a &quot;_.matchesProperty&quot; style `predicate`" time="0" classname="Chrome_48_0_2564_(Windows_8_1_0_0_0).lodash.findLastKey"/>
  <testcase name="should work with a &quot;_.property&quot; style `predicate`" time="0.001" classname="Chrome_48_0_2564_(Windows_8_1_0_0_0).lodash.findLastKey"/>
  <testcase name="should return `undefined` for empty collections" time="0" classname="Chrome_48_0_2564_(Windows_8_1_0_0_0).lodash.findLastKey"/>
  <testcase name="should return an unwrapped value when implicitly chaining" time="0" classname="Chrome_48_0_2564_(Windows_8_1_0_0_0).lodash.findLastKey"/>
  <testcase name="should return a wrapped value when explicitly chaining" time="0" classname="Chrome_48_0_2564_(Windows_8_1_0_0_0).lodash.findLastKey"/>
  <testcase name="should not execute immediately when explicitly chaining" time="0" classname="Chrome_48_0_2564_(Windows_8_1_0_0_0).lodash.findLastKey"/>
  <testcase name="should work in a lazy chain sequence" time="0.002" classname="Chrome_48_0_2564_(Windows_8_1_0_0_0).lodash.findLastKey"/>
  <testcase name="should work with an object for `collection`" time="0" classname="Chrome_48_0_2564_(Windows_8_1_0_0_0).lodash.findLastKey"/>
  <testcase name="`_.find` should support shortcut fusion" time="0.001" classname="Chrome_48_0_2564_(Windows_8_1_0_0_0).lodash.find and lodash.findLast"/>
  <testcase name="`_.findLast` should support shortcut fusion" time="0" classname="Chrome_48_0_2564_(Windows_8_1_0_0_0).lodash.find and lodash.findLast"/>
  <testcase name="should return the first element" time="0" classname="Chrome_48_0_2564_(Windows_8_1_0_0_0).lodash.first"/>
  <testcase name="should return `undefined` when querying empty arrays" time="0" classname="Chrome_48_0_2564_(Windows_8_1_0_0_0).lodash.first"/>
  <testcase name="should work as an iteratee for methods like `_.map`" time="0" classname="Chrome_48_0_2564_(Windows_8_1_0_0_0).lodash.first"/>
  <testcase name="should return an unwrapped value when implicitly chaining" time="0.001" classname="Chrome_48_0_2564_(Windows_8_1_0_0_0).lodash.first"/>
  <testcase name="should return a wrapped value when explicitly chaining" time="0" classname="Chrome_48_0_2564_(Windows_8_1_0_0_0).lodash.first"/>
  <testcase name="should not execute immediately when explicitly chaining" time="0" classname="Chrome_48_0_2564_(Windows_8_1_0_0_0).lodash.first"/>
  <testcase name="should work in a lazy chain sequence" time="0.001" classname="Chrome_48_0_2564_(Windows_8_1_0_0_0).lodash.first"/>
  <testcase name="should take the first two elements" time="0" classname="Chrome_48_0_2564_(Windows_8_1_0_0_0).lodash.take"/>
  <testcase name="should treat falsey `n` values, except nullish, as `0`" time="0" classname="Chrome_48_0_2564_(Windows_8_1_0_0_0).lodash.take"/>
  <testcase name="should return an empty array when `n` &lt; `1`" time="0" classname="Chrome_48_0_2564_(Windows_8_1_0_0_0).lodash.take"/>
  <testcase name="should return all elements when `n` >= `array.length`" time="0.001" classname="Chrome_48_0_2564_(Windows_8_1_0_0_0).lodash.take"/>
  <testcase name="should work as an iteratee for methods like `_.map`" time="0" classname="Chrome_48_0_2564_(Windows_8_1_0_0_0).lodash.take"/>
  <testcase name="should work in a lazy chain sequence" time="0.002" classname="Chrome_48_0_2564_(Windows_8_1_0_0_0).lodash.take"/>
  <testcase name="should take the last two elements" time="0" classname="Chrome_48_0_2564_(Windows_8_1_0_0_0).lodash.takeRight"/>
  <testcase name="should treat falsey `n` values, except nullish, as `0`" time="0.001" classname="Chrome_48_0_2564_(Windows_8_1_0_0_0).lodash.takeRight"/>
  <testcase name="should return an empty array when `n` &lt; `1`" time="0" classname="Chrome_48_0_2564_(Windows_8_1_0_0_0).lodash.takeRight"/>
  <testcase name="should return all elements when `n` >= `array.length`" time="0" classname="Chrome_48_0_2564_(Windows_8_1_0_0_0).lodash.takeRight"/>
  <testcase name="should work as an iteratee for methods like `_.map`" time="0" classname="Chrome_48_0_2564_(Windows_8_1_0_0_0).lodash.takeRight"/>
  <testcase name="should work in a lazy chain sequence" time="0.003" classname="Chrome_48_0_2564_(Windows_8_1_0_0_0).lodash.takeRight"/>
  <testcase name="should take elements while `predicate` returns truthy" time="0" classname="Chrome_48_0_2564_(Windows_8_1_0_0_0).lodash.takeRightWhile"/>
  <testcase name="should provide the correct `predicate` arguments" time="0" classname="Chrome_48_0_2564_(Windows_8_1_0_0_0).lodash.takeRightWhile"/>
  <testcase name="should work with a &quot;_.matches&quot; style `predicate`" time="0" classname="Chrome_48_0_2564_(Windows_8_1_0_0_0).lodash.takeRightWhile"/>
  <testcase name="should work with a &quot;_.matchesProperty&quot; style `predicate`" time="0" classname="Chrome_48_0_2564_(Windows_8_1_0_0_0).lodash.takeRightWhile"/>
  <testcase name="should work with a &quot;_.property&quot; style `predicate`" time="0" classname="Chrome_48_0_2564_(Windows_8_1_0_0_0).lodash.takeRightWhile"/>
  <testcase name="should work in a lazy chain sequence" time="0.001" classname="Chrome_48_0_2564_(Windows_8_1_0_0_0).lodash.takeRightWhile"/>
  <testcase name="should provide the correct `predicate` arguments in a lazy chain sequence" time="0.004" classname="Chrome_48_0_2564_(Windows_8_1_0_0_0).lodash.takeRightWhile"/>
  <testcase name="should take elements while `predicate` returns truthy" time="0" classname="Chrome_48_0_2564_(Windows_8_1_0_0_0).lodash.takeWhile"/>
  <testcase name="should provide the correct `predicate` arguments" time="0.001" classname="Chrome_48_0_2564_(Windows_8_1_0_0_0).lodash.takeWhile"/>
  <testcase name="should work with a &quot;_.matches&quot; style `predicate`" time="0" classname="Chrome_48_0_2564_(Windows_8_1_0_0_0).lodash.takeWhile"/>
  <testcase name="should work with a &quot;_.matchesProperty&quot; style `predicate`" time="0" classname="Chrome_48_0_2564_(Windows_8_1_0_0_0).lodash.takeWhile"/>
  <testcase name="should work with a &quot;_.property&quot; style `predicate`" time="0" classname="Chrome_48_0_2564_(Windows_8_1_0_0_0).lodash.takeWhile"/>
  <testcase name="should work in a lazy chain sequence" time="0.001" classname="Chrome_48_0_2564_(Windows_8_1_0_0_0).lodash.takeWhile"/>
  <testcase name="should work in a lazy chain sequence with `take`" time="0" classname="Chrome_48_0_2564_(Windows_8_1_0_0_0).lodash.takeWhile"/>
  <testcase name="should provide the correct `predicate` arguments in a lazy chain sequence" time="0.004" classname="Chrome_48_0_2564_(Windows_8_1_0_0_0).lodash.takeWhile"/>
  <testcase name="should perform a shallow flatten" time="0" classname="Chrome_48_0_2564_(Windows_8_1_0_0_0).flatten methods"/>
  <testcase name="should flatten `arguments` objects" time="0" classname="Chrome_48_0_2564_(Windows_8_1_0_0_0).flatten methods"/>
  <testcase name="should treat sparse arrays as dense" time="0.001" classname="Chrome_48_0_2564_(Windows_8_1_0_0_0).flatten methods"/>
  <testcase name="should work with extremely large arrays" time="4.246" classname="Chrome_48_0_2564_(Windows_8_1_0_0_0).flatten methods"/>
  <testcase name="should work with empty arrays" time="0.001" classname="Chrome_48_0_2564_(Windows_8_1_0_0_0).flatten methods"/>
  <testcase name="should support flattening of nested arrays" time="0.001" classname="Chrome_48_0_2564_(Windows_8_1_0_0_0).flatten methods"/>
  <testcase name="should return an empty array for non array-like objects" time="0" classname="Chrome_48_0_2564_(Windows_8_1_0_0_0).flatten methods"/>
  <testcase name="should return a wrapped value when chaining" time="0.001" classname="Chrome_48_0_2564_(Windows_8_1_0_0_0).flatten methods"/>
  <testcase name="should be aliased" time="0" classname="Chrome_48_0_2564_(Windows_8_1_0_0_0).lodash.forEach"/>
  <testcase name="should be aliased" time="0" classname="Chrome_48_0_2564_(Windows_8_1_0_0_0).lodash.forEachRight"/>
  <testcase name="`_.forIn` iterates over inherited properties" time="0.001" classname="Chrome_48_0_2564_(Windows_8_1_0_0_0).forIn methods"/>
  <testcase name="`_.forInRight` iterates over inherited properties" time="0" classname="Chrome_48_0_2564_(Windows_8_1_0_0_0).forIn methods"/>
  <testcase name="should iterate over `length` properties" time="0" classname="Chrome_48_0_2564_(Windows_8_1_0_0_0).forOwn methods"/>
  <testcase name="should iterate over `length` properties " time="0.001" classname="Chrome_48_0_2564_(Windows_8_1_0_0_0).forOwn methods"/>
  <testcase name="`_._baseEach` should provide the correct iteratee arguments" time="0" classname="Chrome_48_0_2564_(Windows_8_1_0_0_0).iteration methods"/>
  <testcase name="`_._baseEach` should treat sparse arrays as dense" time="0" classname="Chrome_48_0_2564_(Windows_8_1_0_0_0).iteration methods"/>
  <testcase name="`_.countBy` should provide the correct iteratee arguments" time="0.001" classname="Chrome_48_0_2564_(Windows_8_1_0_0_0).iteration methods"/>
  <testcase name="`_.countBy` should treat sparse arrays as dense" time="0" classname="Chrome_48_0_2564_(Windows_8_1_0_0_0).iteration methods"/>
  <testcase name="`_.every` should provide the correct iteratee arguments" time="0" classname="Chrome_48_0_2564_(Windows_8_1_0_0_0).iteration methods"/>
  <testcase name="`_.every` should treat sparse arrays as dense" time="0" classname="Chrome_48_0_2564_(Windows_8_1_0_0_0).iteration methods"/>
  <testcase name="`_.filter` should provide the correct iteratee arguments" time="0" classname="Chrome_48_0_2564_(Windows_8_1_0_0_0).iteration methods"/>
  <testcase name="`_.filter` should treat sparse arrays as dense" time="0" classname="Chrome_48_0_2564_(Windows_8_1_0_0_0).iteration methods"/>
  <testcase name="`_.find` should provide the correct iteratee arguments" time="0" classname="Chrome_48_0_2564_(Windows_8_1_0_0_0).iteration methods"/>
  <testcase name="`_.find` should treat sparse arrays as dense" time="0" classname="Chrome_48_0_2564_(Windows_8_1_0_0_0).iteration methods"/>
  <testcase name="`_.findIndex` should provide the correct iteratee arguments" time="0" classname="Chrome_48_0_2564_(Windows_8_1_0_0_0).iteration methods"/>
  <testcase name="`_.findIndex` should treat sparse arrays as dense" time="0" classname="Chrome_48_0_2564_(Windows_8_1_0_0_0).iteration methods"/>
  <testcase name="`_.findKey` should provide the correct iteratee arguments" time="0" classname="Chrome_48_0_2564_(Windows_8_1_0_0_0).iteration methods"/>
  <testcase name="`_.findKey` should treat sparse arrays as dense" time="0" classname="Chrome_48_0_2564_(Windows_8_1_0_0_0).iteration methods"/>
  <testcase name="`_.findLast` should provide the correct iteratee arguments" time="0.001" classname="Chrome_48_0_2564_(Windows_8_1_0_0_0).iteration methods"/>
  <testcase name="`_.findLast` should treat sparse arrays as dense" time="0" classname="Chrome_48_0_2564_(Windows_8_1_0_0_0).iteration methods"/>
  <testcase name="`_.findLastIndex` should provide the correct iteratee arguments" time="0" classname="Chrome_48_0_2564_(Windows_8_1_0_0_0).iteration methods"/>
  <testcase name="`_.findLastIndex` should treat sparse arrays as dense" time="0" classname="Chrome_48_0_2564_(Windows_8_1_0_0_0).iteration methods"/>
  <testcase name="`_.findLastKey` should provide the correct iteratee arguments" time="0.001" classname="Chrome_48_0_2564_(Windows_8_1_0_0_0).iteration methods"/>
  <testcase name="`_.findLastKey` should treat sparse arrays as dense" time="0" classname="Chrome_48_0_2564_(Windows_8_1_0_0_0).iteration methods"/>
  <testcase name="`_.forEach` should provide the correct iteratee arguments" time="0" classname="Chrome_48_0_2564_(Windows_8_1_0_0_0).iteration methods"/>
  <testcase name="`_.forEach` should treat sparse arrays as dense" time="0" classname="Chrome_48_0_2564_(Windows_8_1_0_0_0).iteration methods"/>
  <testcase name="`_.forEachRight` should provide the correct iteratee arguments" time="0.001" classname="Chrome_48_0_2564_(Windows_8_1_0_0_0).iteration methods"/>
  <testcase name="`_.forEachRight` should treat sparse arrays as dense" time="0" classname="Chrome_48_0_2564_(Windows_8_1_0_0_0).iteration methods"/>
  <testcase name="`_.forIn` should provide the correct iteratee arguments" time="0" classname="Chrome_48_0_2564_(Windows_8_1_0_0_0).iteration methods"/>
  <testcase name="`_.forIn` should treat sparse arrays as dense" time="0.001" classname="Chrome_48_0_2564_(Windows_8_1_0_0_0).iteration methods"/>
  <testcase name="`_.forInRight` should provide the correct iteratee arguments" time="0" classname="Chrome_48_0_2564_(Windows_8_1_0_0_0).iteration methods"/>
  <testcase name="`_.forInRight` should treat sparse arrays as dense" time="0" classname="Chrome_48_0_2564_(Windows_8_1_0_0_0).iteration methods"/>
  <testcase name="`_.forOwn` should provide the correct iteratee arguments" time="0" classname="Chrome_48_0_2564_(Windows_8_1_0_0_0).iteration methods"/>
  <testcase name="`_.forOwn` should treat sparse arrays as dense" time="0" classname="Chrome_48_0_2564_(Windows_8_1_0_0_0).iteration methods"/>
  <testcase name="`_.forOwnRight` should provide the correct iteratee arguments" time="0" classname="Chrome_48_0_2564_(Windows_8_1_0_0_0).iteration methods"/>
  <testcase name="`_.forOwnRight` should treat sparse arrays as dense" time="0" classname="Chrome_48_0_2564_(Windows_8_1_0_0_0).iteration methods"/>
  <testcase name="`_.groupBy` should provide the correct iteratee arguments" time="0" classname="Chrome_48_0_2564_(Windows_8_1_0_0_0).iteration methods"/>
  <testcase name="`_.groupBy` should treat sparse arrays as dense" time="0.001" classname="Chrome_48_0_2564_(Windows_8_1_0_0_0).iteration methods"/>
  <testcase name="`_.indexBy` should provide the correct iteratee arguments" time="0.001" classname="Chrome_48_0_2564_(Windows_8_1_0_0_0).iteration methods"/>
  <testcase name="`_.indexBy` should treat sparse arrays as dense" time="0" classname="Chrome_48_0_2564_(Windows_8_1_0_0_0).iteration methods"/>
  <testcase name="`_.map` should provide the correct iteratee arguments" time="0" classname="Chrome_48_0_2564_(Windows_8_1_0_0_0).iteration methods"/>
  <testcase name="`_.map` should treat sparse arrays as dense" time="0.001" classname="Chrome_48_0_2564_(Windows_8_1_0_0_0).iteration methods"/>
  <testcase name="`_.mapKeys` should provide the correct iteratee arguments" time="0.001" classname="Chrome_48_0_2564_(Windows_8_1_0_0_0).iteration methods"/>
[...]
  <testcase name="`_(...).splice` should return a new wrapped value" time="0.001" classname="Chrome_48_0_2564_(Windows_8_1_0_0_0).lodash(...) methods that return new wrapped values"/>
  <testcase name="`_(...).clone` should return an unwrapped value when implicitly chaining" time="0" classname="Chrome_48_0_2564_(Windows_8_1_0_0_0).lodash(...) methods that return unwrapped values"/>
  <testcase name="`_(...).clone` should return a wrapped value when explicitly chaining" time="0" classname="Chrome_48_0_2564_(Windows_8_1_0_0_0).lodash(...) methods that return unwrapped values"/>
  <testcase name="`_(...).every` should return an unwrapped value when implicitly chaining" time="0" classname="Chrome_48_0_2564_(Windows_8_1_0_0_0).lodash(...) methods that return unwrapped values"/>
  <testcase name="`_(...).every` should return a wrapped value when explicitly chaining" time="0" classname="Chrome_48_0_2564_(Windows_8_1_0_0_0).lodash(...) methods that return unwrapped values"/>
  <testcase name="`_(...).find` should return an unwrapped value when implicitly chaining" time="0" classname="Chrome_48_0_2564_(Windows_8_1_0_0_0).lodash(...) methods that return unwrapped values"/>
  <testcase name="`_(...).find` should return a wrapped value when explicitly chaining" time="0" classname="Chrome_48_0_2564_(Windows_8_1_0_0_0).lodash(...) methods that return unwrapped values"/>
  <testcase name="`_(...).first` should return an unwrapped value when implicitly chaining" time="0.001" classname="Chrome_48_0_2564_(Windows_8_1_0_0_0).lodash(...) methods that return unwrapped values"/>
  <testcase name="`_(...).first` should return a wrapped value when explicitly chaining" time="0" classname="Chrome_48_0_2564_(Windows_8_1_0_0_0).lodash(...) methods that return unwrapped values"/>
  <testcase name="`_(...).has` should return an unwrapped value when implicitly chaining" time="0" classname="Chrome_48_0_2564_(Windows_8_1_0_0_0).lodash(...) methods that return unwrapped values"/>
  <testcase name="`_(...).has` should return a wrapped value when explicitly chaining" time="0" classname="Chrome_48_0_2564_(Windows_8_1_0_0_0).lodash(...) methods that return unwrapped values"/>
  <testcase name="`_(...).hasIn` should return an unwrapped value when implicitly chaining" time="0" classname="Chrome_48_0_2564_(Windows_8_1_0_0_0).lodash(...) methods that return unwrapped values"/>
  <testcase name="`_(...).hasIn` should return a wrapped value when explicitly chaining" time="0" classname="Chrome_48_0_2564_(Windows_8_1_0_0_0).lodash(...) methods that return unwrapped values"/>
  <testcase name="`_(...).includes` should return an unwrapped value when implicitly chaining" time="0" classname="Chrome_48_0_2564_(Windows_8_1_0_0_0).lodash(...) methods that return unwrapped values"/>
  <testcase name="`_(...).includes` should return a wrapped value when explicitly chaining" time="0" classname="Chrome_48_0_2564_(Windows_8_1_0_0_0).lodash(...) methods that return unwrapped values"/>
  <testcase name="`_(...).isArguments` should return an unwrapped value when implicitly chaining" time="0" classname="Chrome_48_0_2564_(Windows_8_1_0_0_0).lodash(...) methods that return unwrapped values"/>
  <testcase name="`_(...).isArguments` should return a wrapped value when explicitly chaining" time="0" classname="Chrome_48_0_2564_(Windows_8_1_0_0_0).lodash(...) methods that return unwrapped values"/>
  <testcase name="`_(...).isArray` should return an unwrapped value when implicitly chaining" time="0.001" classname="Chrome_48_0_2564_(Windows_8_1_0_0_0).lodash(...) methods that return unwrapped values"/>
  <testcase name="`_(...).isArray` should return a wrapped value when explicitly chaining" time="0" classname="Chrome_48_0_2564_(Windows_8_1_0_0_0).lodash(...) methods that return unwrapped values"/>
  <testcase name="`_(...).isBoolean` should return an unwrapped value when implicitly chaining" time="0" classname="Chrome_48_0_2564_(Windows_8_1_0_0_0).lodash(...) methods that return unwrapped values"/>
  <testcase name="`_(...).isBoolean` should return a wrapped value when explicitly chaining" time="0" classname="Chrome_48_0_2564_(Windows_8_1_0_0_0).lodash(...) methods that return unwrapped values"/>
  <testcase name="`_(...).isDate` should return an unwrapped value when implicitly chaining" time="0" classname="Chrome_48_0_2564_(Windows_8_1_0_0_0).lodash(...) methods that return unwrapped values"/>
  <testcase name="`_(...).isDate` should return a wrapped value when explicitly chaining" time="0" classname="Chrome_48_0_2564_(Windows_8_1_0_0_0).lodash(...) methods that return unwrapped values"/>
  <testcase name="`_(...).isElement` should return an unwrapped value when implicitly chaining" time="0" classname="Chrome_48_0_2564_(Windows_8_1_0_0_0).lodash(...) methods that return unwrapped values"/>
  <testcase name="`_(...).isElement` should return a wrapped value when explicitly chaining" time="0" classname="Chrome_48_0_2564_(Windows_8_1_0_0_0).lodash(...) methods that return unwrapped values"/>
  <testcase name="`_(...).isEmpty` should return an unwrapped value when implicitly chaining" time="0" classname="Chrome_48_0_2564_(Windows_8_1_0_0_0).lodash(...) methods that return unwrapped values"/>
  <testcase name="`_(...).isEmpty` should return a wrapped value when explicitly chaining" time="0" classname="Chrome_48_0_2564_(Windows_8_1_0_0_0).lodash(...) methods that return unwrapped values"/>
  <testcase name="`_(...).isEqual` should return an unwrapped value when implicitly chaining" time="0" classname="Chrome_48_0_2564_(Windows_8_1_0_0_0).lodash(...) methods that return unwrapped values"/>
  <testcase name="`_(...).isEqual` should return a wrapped value when explicitly chaining" time="0.001" classname="Chrome_48_0_2564_(Windows_8_1_0_0_0).lodash(...) methods that return unwrapped values"/>
  <testcase name="`_(...).isError` should return an unwrapped value when implicitly chaining" time="0" classname="Chrome_48_0_2564_(Windows_8_1_0_0_0).lodash(...) methods that return unwrapped values"/>
  <testcase name="`_(...).isError` should return a wrapped value when explicitly chaining" time="0" classname="Chrome_48_0_2564_(Windows_8_1_0_0_0).lodash(...) methods that return unwrapped values"/>
  <testcase name="`_(...).isFinite` should return an unwrapped value when implicitly chaining" time="0" classname="Chrome_48_0_2564_(Windows_8_1_0_0_0).lodash(...) methods that return unwrapped values"/>
  <testcase name="`_(...).isFinite` should return a wrapped value when explicitly chaining" time="0" classname="Chrome_48_0_2564_(Windows_8_1_0_0_0).lodash(...) methods that return unwrapped values"/>
  <testcase name="`_(...).isFunction` should return an unwrapped value when implicitly chaining" time="0" classname="Chrome_48_0_2564_(Windows_8_1_0_0_0).lodash(...) methods that return unwrapped values"/>
  <testcase name="`_(...).isFunction` should return a wrapped value when explicitly chaining" time="0" classname="Chrome_48_0_2564_(Windows_8_1_0_0_0).lodash(...) methods that return unwrapped values"/>
  <testcase name="`_(...).isNaN` should return an unwrapped value when implicitly chaining" time="0" classname="Chrome_48_0_2564_(Windows_8_1_0_0_0).lodash(...) methods that return unwrapped values"/>
  <testcase name="`_(...).isNaN` should return a wrapped value when explicitly chaining" time="0" classname="Chrome_48_0_2564_(Windows_8_1_0_0_0).lodash(...) methods that return unwrapped values"/>
  <testcase name="`_(...).isNil` should return an unwrapped value when implicitly chaining" time="0" classname="Chrome_48_0_2564_(Windows_8_1_0_0_0).lodash(...) methods that return unwrapped values"/>
  <testcase name="`_(...).isNil` should return a wrapped value when explicitly chaining" time="0" classname="Chrome_48_0_2564_(Windows_8_1_0_0_0).lodash(...) methods that return unwrapped values"/>
  <testcase name="`_(...).isNull` should return an unwrapped value when implicitly chaining" time="0.001" classname="Chrome_48_0_2564_(Windows_8_1_0_0_0).lodash(...) methods that return unwrapped values"/>
  <testcase name="`_(...).isNull` should return a wrapped value when explicitly chaining" time="0" classname="Chrome_48_0_2564_(Windows_8_1_0_0_0).lodash(...) methods that return unwrapped values"/>
  <testcase name="`_(...).isNumber` should return an unwrapped value when implicitly chaining" time="0" classname="Chrome_48_0_2564_(Windows_8_1_0_0_0).lodash(...) methods that return unwrapped values"/>
  <testcase name="`_(...).isNumber` should return a wrapped value when explicitly chaining" time="0" classname="Chrome_48_0_2564_(Windows_8_1_0_0_0).lodash(...) methods that return unwrapped values"/>
  <testcase name="`_(...).isObject` should return an unwrapped value when implicitly chaining" time="0" classname="Chrome_48_0_2564_(Windows_8_1_0_0_0).lodash(...) methods that return unwrapped values"/>
  <testcase name="`_(...).isObject` should return a wrapped value when explicitly chaining" time="0" classname="Chrome_48_0_2564_(Windows_8_1_0_0_0).lodash(...) methods that return unwrapped values"/>
  <testcase name="`_(...).isPlainObject` should return an unwrapped value when implicitly chaining" time="0" classname="Chrome_48_0_2564_(Windows_8_1_0_0_0).lodash(...) methods that return unwrapped values"/>
  <testcase name="`_(...).isPlainObject` should return a wrapped value when explicitly chaining" time="0" classname="Chrome_48_0_2564_(Windows_8_1_0_0_0).lodash(...) methods that return unwrapped values"/>
  <testcase name="`_(...).isRegExp` should return an unwrapped value when implicitly chaining" time="0" classname="Chrome_48_0_2564_(Windows_8_1_0_0_0).lodash(...) methods that return unwrapped values"/>
  <testcase name="`_(...).isRegExp` should return a wrapped value when explicitly chaining" time="0" classname="Chrome_48_0_2564_(Windows_8_1_0_0_0).lodash(...) methods that return unwrapped values"/>
  <testcase name="`_(...).isString` should return an unwrapped value when implicitly chaining" time="0" classname="Chrome_48_0_2564_(Windows_8_1_0_0_0).lodash(...) methods that return unwrapped values"/>
  <testcase name="`_(...).isString` should return a wrapped value when explicitly chaining" time="0" classname="Chrome_48_0_2564_(Windows_8_1_0_0_0).lodash(...) methods that return unwrapped values"/>
  <testcase name="`_(...).isUndefined` should return an unwrapped value when implicitly chaining" time="0" classname="Chrome_48_0_2564_(Windows_8_1_0_0_0).lodash(...) methods that return unwrapped values"/>
  <testcase name="`_(...).isUndefined` should return a wrapped value when explicitly chaining" time="0" classname="Chrome_48_0_2564_(Windows_8_1_0_0_0).lodash(...) methods that return unwrapped values"/>
  <testcase name="`_(...).join` should return an unwrapped value when implicitly chaining" time="0" classname="Chrome_48_0_2564_(Windows_8_1_0_0_0).lodash(...) methods that return unwrapped values"/>
  <testcase name="`_(...).join` should return a wrapped value when explicitly chaining" time="0" classname="Chrome_48_0_2564_(Windows_8_1_0_0_0).lodash(...) methods that return unwrapped values"/>
  <testcase name="`_(...).last` should return an unwrapped value when implicitly chaining" time="0" classname="Chrome_48_0_2564_(Windows_8_1_0_0_0).lodash(...) methods that return unwrapped values"/>
  <testcase name="`_(...).last` should return a wrapped value when explicitly chaining" time="0" classname="Chrome_48_0_2564_(Windows_8_1_0_0_0).lodash(...) methods that return unwrapped values"/>
  <testcase name="`_(...).max` should return an unwrapped value when implicitly chaining" time="0" classname="Chrome_48_0_2564_(Windows_8_1_0_0_0).lodash(...) methods that return unwrapped values"/>
  <testcase name="`_(...).max` should return a wrapped value when explicitly chaining" time="0" classname="Chrome_48_0_2564_(Windows_8_1_0_0_0).lodash(...) methods that return unwrapped values"/>
  <testcase name="`_(...).maxBy` should return an unwrapped value when implicitly chaining" time="0" classname="Chrome_48_0_2564_(Windows_8_1_0_0_0).lodash(...) methods that return unwrapped values"/>
  <testcase name="`_(...).maxBy` should return a wrapped value when explicitly chaining" time="0" classname="Chrome_48_0_2564_(Windows_8_1_0_0_0).lodash(...) methods that return unwrapped values"/>
  <testcase name="`_(...).min` should return an unwrapped value when implicitly chaining" time="0" classname="Chrome_48_0_2564_(Windows_8_1_0_0_0).lodash(...) methods that return unwrapped values"/>
  <testcase name="`_(...).min` should return a wrapped value when explicitly chaining" time="0" classname="Chrome_48_0_2564_(Windows_8_1_0_0_0).lodash(...) methods that return unwrapped values"/>
  <testcase name="`_(...).minBy` should return an unwrapped value when implicitly chaining" time="0" classname="Chrome_48_0_2564_(Windows_8_1_0_0_0).lodash(...) methods that return unwrapped values"/>
  <testcase name="`_(...).minBy` should return a wrapped value when explicitly chaining" time="0" classname="Chrome_48_0_2564_(Windows_8_1_0_0_0).lodash(...) methods that return unwrapped values"/>
  <testcase name="`_(...).parseInt` should return an unwrapped value when implicitly chaining" time="0" classname="Chrome_48_0_2564_(Windows_8_1_0_0_0).lodash(...) methods that return unwrapped values"/>
  <testcase name="`_(...).parseInt` should return a wrapped value when explicitly chaining" time="0" classname="Chrome_48_0_2564_(Windows_8_1_0_0_0).lodash(...) methods that return unwrapped values"/>
  <testcase name="`_(...).pop` should return an unwrapped value when implicitly chaining" time="0" classname="Chrome_48_0_2564_(Windows_8_1_0_0_0).lodash(...) methods that return unwrapped values"/>
  <testcase name="`_(...).pop` should return a wrapped value when explicitly chaining" time="0" classname="Chrome_48_0_2564_(Windows_8_1_0_0_0).lodash(...) methods that return unwrapped values"/>
  <testcase name="`_(...).shift` should return an unwrapped value when implicitly chaining" time="0" classname="Chrome_48_0_2564_(Windows_8_1_0_0_0).lodash(...) methods that return unwrapped values"/>
  <testcase name="`_(...).shift` should return a wrapped value when explicitly chaining" time="0" classname="Chrome_48_0_2564_(Windows_8_1_0_0_0).lodash(...) methods that return unwrapped values"/>
  <testcase name="`_(...).sum` should return an unwrapped value when implicitly chaining" time="0.001" classname="Chrome_48_0_2564_(Windows_8_1_0_0_0).lodash(...) methods that return unwrapped values"/>
  <testcase name="`_(...).sum` should return a wrapped value when explicitly chaining" time="0" classname="Chrome_48_0_2564_(Windows_8_1_0_0_0).lodash(...) methods that return unwrapped values"/>
  <testcase name="`_(...).random` should return an unwrapped value when implicitly chaining" time="0" classname="Chrome_48_0_2564_(Windows_8_1_0_0_0).lodash(...) methods that return unwrapped values"/>
  <testcase name="`_(...).random` should return a wrapped value when explicitly chaining" time="0" classname="Chrome_48_0_2564_(Windows_8_1_0_0_0).lodash(...) methods that return unwrapped values"/>
  <testcase name="`_(...).reduce` should return an unwrapped value when implicitly chaining" time="0" classname="Chrome_48_0_2564_(Windows_8_1_0_0_0).lodash(...) methods that return unwrapped values"/>
  <testcase name="`_(...).reduce` should return a wrapped value when explicitly chaining" time="0" classname="Chrome_48_0_2564_(Windows_8_1_0_0_0).lodash(...) methods that return unwrapped values"/>
  <testcase name="`_(...).reduceRight` should return an unwrapped value when implicitly chaining" time="0" classname="Chrome_48_0_2564_(Windows_8_1_0_0_0).lodash(...) methods that return unwrapped values"/>
  <testcase name="`_(...).reduceRight` should return a wrapped value when explicitly chaining" time="0" classname="Chrome_48_0_2564_(Windows_8_1_0_0_0).lodash(...) methods that return unwrapped values"/>
  <testcase name="`_(...).some` should return an unwrapped value when implicitly chaining" time="0" classname="Chrome_48_0_2564_(Windows_8_1_0_0_0).lodash(...) methods that return unwrapped values"/>
  <testcase name="`_(...).some` should return a wrapped value when explicitly chaining" time="0" classname="Chrome_48_0_2564_(Windows_8_1_0_0_0).lodash(...) methods that return unwrapped values"/>
  <testcase name="should work with `arguments` objects" time="0.002" classname="Chrome_48_0_2564_(Windows_8_1_0_0_0).&quot;Arrays&quot; category methods"/>
  <testcase name="should accept falsey primary arguments" time="0" classname="Chrome_48_0_2564_(Windows_8_1_0_0_0).&quot;Arrays&quot; category methods"/>
  <testcase name="should accept falsey secondary arguments" time="0" classname="Chrome_48_0_2564_(Windows_8_1_0_0_0).&quot;Arrays&quot; category methods"/>
  <testcase name="`_.camelCase` should return an empty string for empty values" time="0" classname="Chrome_48_0_2564_(Windows_8_1_0_0_0).&quot;Strings&quot; category methods"/>
  <testcase name="`_.capitalize` should return an empty string for empty values" time="0" classname="Chrome_48_0_2564_(Windows_8_1_0_0_0).&quot;Strings&quot; category methods"/>
  <testcase name="`_.escape` should return an empty string for empty values" time="0" classname="Chrome_48_0_2564_(Windows_8_1_0_0_0).&quot;Strings&quot; category methods"/>
  <testcase name="`_.kebabCase` should return an empty string for empty values" time="0" classname="Chrome_48_0_2564_(Windows_8_1_0_0_0).&quot;Strings&quot; category methods"/>
  <testcase name="`_.pad` should return an empty string for empty values" time="0" classname="Chrome_48_0_2564_(Windows_8_1_0_0_0).&quot;Strings&quot; category methods"/>
  <testcase name="`_.padLeft` should return an empty string for empty values" time="0.001" classname="Chrome_48_0_2564_(Windows_8_1_0_0_0).&quot;Strings&quot; category methods"/>
  <testcase name="`_.padRight` should return an empty string for empty values" time="0" classname="Chrome_48_0_2564_(Windows_8_1_0_0_0).&quot;Strings&quot; category methods"/>
  <testcase name="`_.repeat` should return an empty string for empty values" time="0" classname="Chrome_48_0_2564_(Windows_8_1_0_0_0).&quot;Strings&quot; category methods"/>
  <testcase name="`_.snakeCase` should return an empty string for empty values" time="0" classname="Chrome_48_0_2564_(Windows_8_1_0_0_0).&quot;Strings&quot; category methods"/>
  <testcase name="`_.trim` should return an empty string for empty values" time="0" classname="Chrome_48_0_2564_(Windows_8_1_0_0_0).&quot;Strings&quot; category methods"/>
  <testcase name="`_.trimLeft` should return an empty string for empty values" time="0" classname="Chrome_48_0_2564_(Windows_8_1_0_0_0).&quot;Strings&quot; category methods"/>
  <testcase name="`_.trimRight` should return an empty string for empty values" time="0" classname="Chrome_48_0_2564_(Windows_8_1_0_0_0).&quot;Strings&quot; category methods"/>
  <testcase name="`_.trunc` should return an empty string for empty values" time="0" classname="Chrome_48_0_2564_(Windows_8_1_0_0_0).&quot;Strings&quot; category methods"/>
  <testcase name="`_.unescape` should return an empty string for empty values" time="0" classname="Chrome_48_0_2564_(Windows_8_1_0_0_0).&quot;Strings&quot; category methods"/>
  <testcase name="should accept falsey arguments" time="0.071" classname="Chrome_48_0_2564_(Windows_8_1_0_0_0).lodash methods"/>
  <testcase name="should return an array" time="0.002" classname="Chrome_48_0_2564_(Windows_8_1_0_0_0).lodash methods"/>
  <testcase name="should throw an error for falsey arguments" time="0.006" classname="Chrome_48_0_2564_(Windows_8_1_0_0_0).lodash methods"/>
  <testcase name="should not contain minified method names (test production builds)" time="0.003" classname="Chrome_48_0_2564_(Windows_8_1_0_0_0).lodash methods"/>
  <system-out>
    <![CDATA[
]]>
  </system-out>
  <system-err/>
</testsuite>